[0.269s] DEBUG:colcon:Command line arguments: ['/usr/bin/colcon', 'build', '--packages-select', 'zpackage_ac_ser']
[0.269s] DEBUG:colcon:Parsed command line arguments: Namespace(log_base=None, log_level=None, verb_name='build', build_base='build', install_base='install', merge_install=False, symlink_install=False, test_result_base=None, continue_on_error=False, executor='parallel', parallel_workers=6, event_handlers=None, ignore_user_meta=False, metas=['./colcon.meta'], base_paths=['.'], packages_ignore=None, packages_ignore_regex=None, paths=None, packages_up_to=None, packages_up_to_regex=None, packages_above=None, packages_above_and_dependencies=None, packages_above_depth=None, packages_select_by_dep=None, packages_skip_by_dep=None, packages_skip_up_to=None, packages_select_build_failed=False, packages_skip_build_finished=False, packages_select_test_failures=False, packages_skip_test_passed=False, packages_select=['zpackage_ac_ser'], packages_skip=None, packages_select_regex=None, packages_skip_regex=None, packages_start=None, packages_end=None, allow_overriding=[], cmake_args=None, cmake_target=None, cmake_target_skip_unavailable=False, cmake_clean_cache=False, cmake_clean_first=False, cmake_force_configure=False, ament_cmake_args=None, catkin_cmake_args=None, catkin_skip_building_tests=False, verb_parser=<colcon_defaults.argument_parser.defaults.DefaultArgumentsDecorator object at 0x75d11d2044f0>, verb_extension=<colcon_core.verb.build.BuildVerb object at 0x75d11d1c7be0>, main=<bound method BuildVerb.main of <colcon_core.verb.build.BuildVerb object at 0x75d11d1c7be0>>)
[0.701s] Level 1:colcon.colcon_core.package_discovery:discover_packages(colcon_meta) check parameters
[0.701s] Level 1:colcon.colcon_core.package_discovery:discover_packages(recursive) check parameters
[0.702s] Level 1:colcon.colcon_core.package_discovery:discover_packages(ignore) check parameters
[0.702s] Level 1:colcon.colcon_core.package_discovery:discover_packages(path) check parameters
[0.702s] Level 1:colcon.colcon_core.package_discovery:discover_packages(colcon_meta) discover
[0.702s] Level 1:colcon.colcon_core.package_discovery:discover_packages(recursive) discover
[0.702s] INFO:colcon.colcon_core.package_discovery:Crawling recursively for packages in '/home/zechariah/ros2_ws'
[0.703s] Level 1:colcon.colcon_core.package_identification:_identify(.) by extensions ['ignore', 'ignore_ament_install']
[0.703s] Level 1:colcon.colcon_core.package_identification:_identify(.) by extension 'ignore'
[0.703s] Level 1:colcon.colcon_core.package_identification:_identify(.) by extension 'ignore_ament_install'
[0.704s] Level 1:colcon.colcon_core.package_identification:_identify(.) by extensions ['colcon_pkg']
[0.704s] Level 1:colcon.colcon_core.package_identification:_identify(.) by extension 'colcon_pkg'
[0.704s] Level 1:colcon.colcon_core.package_identification:_identify(.) by extensions ['colcon_meta']
[0.704s] Level 1:colcon.colcon_core.package_identification:_identify(.) by extension 'colcon_meta'
[0.704s] Level 1:colcon.colcon_core.package_identification:_identify(.) by extensions ['ros']
[0.705s] Level 1:colcon.colcon_core.package_identification:_identify(.) by extension 'ros'
[0.743s] Level 1:colcon.colcon_core.package_identification:_identify(.) by extensions ['cmake', 'python']
[0.743s] Level 1:colcon.colcon_core.package_identification:_identify(.) by extension 'cmake'
[0.743s] Level 1:colcon.colcon_core.package_identification:_identify(.) by extension 'python'
[0.743s] Level 1:colcon.colcon_core.package_identification:_identify(.) by extensions ['python_setup_py']
[0.743s] Level 1:colcon.colcon_core.package_identification:_identify(.) by extension 'python_setup_py'
[0.744s] Level 1:colcon.colcon_core.package_identification:_identify(build) by extensions ['ignore', 'ignore_ament_install']
[0.744s] Level 1:colcon.colcon_core.package_identification:_identify(build) by extension 'ignore'
[0.744s] Level 1:colcon.colcon_core.package_identification:_identify(build) ignored
[0.744s] Level 1:colcon.colcon_core.package_identification:_identify(install) by extensions ['ignore', 'ignore_ament_install']
[0.745s] Level 1:colcon.colcon_core.package_identification:_identify(install) by extension 'ignore'
[0.745s] Level 1:colcon.colcon_core.package_identification:_identify(install) ignored
[0.745s] Level 1:colcon.colcon_core.package_identification:_identify(log) by extensions ['ignore', 'ignore_ament_install']
[0.746s] Level 1:colcon.colcon_core.package_identification:_identify(log) by extension 'ignore'
[0.746s] Level 1:colcon.colcon_core.package_identification:_identify(log) ignored
[0.746s] Level 1:colcon.colcon_core.package_identification:_identify(src) by extensions ['ignore', 'ignore_ament_install']
[0.746s] Level 1:colcon.colcon_core.package_identification:_identify(src) by extension 'ignore'
[0.746s] Level 1:colcon.colcon_core.package_identification:_identify(src) by extension 'ignore_ament_install'
[0.746s] Level 1:colcon.colcon_core.package_identification:_identify(src) by extensions ['colcon_pkg']
[0.746s] Level 1:colcon.colcon_core.package_identification:_identify(src) by extension 'colcon_pkg'
[0.747s] Level 1:colcon.colcon_core.package_identification:_identify(src) by extensions ['colcon_meta']
[0.747s] Level 1:colcon.colcon_core.package_identification:_identify(src) by extension 'colcon_meta'
[0.747s] Level 1:colcon.colcon_core.package_identification:_identify(src) by extensions ['ros']
[0.747s] Level 1:colcon.colcon_core.package_identification:_identify(src) by extension 'ros'
[0.747s] Level 1:colcon.colcon_core.package_identification:_identify(src) by extensions ['cmake', 'python']
[0.747s] Level 1:colcon.colcon_core.package_identification:_identify(src) by extension 'cmake'
[0.747s] Level 1:colcon.colcon_core.package_identification:_identify(src) by extension 'python'
[0.747s] Level 1:colcon.colcon_core.package_identification:_identify(src) by extensions ['python_setup_py']
[0.748s] Level 1:colcon.colcon_core.package_identification:_identify(src) by extension 'python_setup_py'
[0.748s] Level 1:colcon.colcon_core.package_identification:_identify(src/zpackage) by extensions ['ignore', 'ignore_ament_install']
[0.748s] Level 1:colcon.colcon_core.package_identification:_identify(src/zpackage) by extension 'ignore'
[0.748s] Level 1:colcon.colcon_core.package_identification:_identify(src/zpackage) by extension 'ignore_ament_install'
[0.748s] Level 1:colcon.colcon_core.package_identification:_identify(src/zpackage) by extensions ['colcon_pkg']
[0.748s] Level 1:colcon.colcon_core.package_identification:_identify(src/zpackage) by extension 'colcon_pkg'
[0.749s] Level 1:colcon.colcon_core.package_identification:_identify(src/zpackage) by extensions ['colcon_meta']
[0.749s] Level 1:colcon.colcon_core.package_identification:_identify(src/zpackage) by extension 'colcon_meta'
[0.749s] Level 1:colcon.colcon_core.package_identification:_identify(src/zpackage) by extensions ['ros']
[0.749s] Level 1:colcon.colcon_core.package_identification:_identify(src/zpackage) by extension 'ros'
[0.755s] DEBUG:colcon.colcon_core.package_identification:Package 'src/zpackage' with type 'ros.ament_cmake' and name 'zpackage'
[0.756s] Level 1:colcon.colcon_core.package_identification:_identify(src/zpackage_ac_ser) by extensions ['ignore', 'ignore_ament_install']
[0.756s] Level 1:colcon.colcon_core.package_identification:_identify(src/zpackage_ac_ser) by extension 'ignore'
[0.756s] Level 1:colcon.colcon_core.package_identification:_identify(src/zpackage_ac_ser) by extension 'ignore_ament_install'
[0.756s] Level 1:colcon.colcon_core.package_identification:_identify(src/zpackage_ac_ser) by extensions ['colcon_pkg']
[0.756s] Level 1:colcon.colcon_core.package_identification:_identify(src/zpackage_ac_ser) by extension 'colcon_pkg'
[0.757s] Level 1:colcon.colcon_core.package_identification:_identify(src/zpackage_ac_ser) by extensions ['colcon_meta']
[0.757s] Level 1:colcon.colcon_core.package_identification:_identify(src/zpackage_ac_ser) by extension 'colcon_meta'
[0.757s] Level 1:colcon.colcon_core.package_identification:_identify(src/zpackage_ac_ser) by extensions ['ros']
[0.757s] Level 1:colcon.colcon_core.package_identification:_identify(src/zpackage_ac_ser) by extension 'ros'
[0.758s] DEBUG:colcon.colcon_core.package_identification:Package 'src/zpackage_ac_ser' with type 'ros.ament_cmake' and name 'zpackage_ac_ser'
[0.758s] Level 1:colcon.colcon_core.package_discovery:discover_packages(recursive) using defaults
[0.758s] Level 1:colcon.colcon_core.package_discovery:discover_packages(ignore) discover
[0.759s] Level 1:colcon.colcon_core.package_discovery:discover_packages(ignore) using defaults
[0.759s] Level 1:colcon.colcon_core.package_discovery:discover_packages(path) discover
[0.759s] Level 1:colcon.colcon_core.package_discovery:discover_packages(path) using defaults
[0.806s] INFO:colcon.colcon_core.package_selection:Skipping not selected package 'zpackage' in 'src/zpackage'
[0.807s] Level 1:colcon.colcon_core.package_discovery:discover_packages(prefix_path) check parameters
[0.807s] Level 1:colcon.colcon_core.package_discovery:discover_packages(prefix_path) discover
[0.815s] DEBUG:colcon.colcon_installed_package_information.package_discovery:Found 270 installed packages in /opt/ros/humble
[0.842s] Level 1:colcon.colcon_core.package_discovery:discover_packages(prefix_path) using defaults
[0.952s] Level 5:colcon.colcon_core.verb:set package 'zpackage_ac_ser' build argument 'cmake_args' from command line to 'None'
[0.952s] Level 5:colcon.colcon_core.verb:set package 'zpackage_ac_ser' build argument 'cmake_target' from command line to 'None'
[0.955s] Level 5:colcon.colcon_core.verb:set package 'zpackage_ac_ser' build argument 'cmake_target_skip_unavailable' from command line to 'False'
[0.955s] Level 5:colcon.colcon_core.verb:set package 'zpackage_ac_ser' build argument 'cmake_clean_cache' from command line to 'False'
[0.956s] Level 5:colcon.colcon_core.verb:set package 'zpackage_ac_ser' build argument 'cmake_clean_first' from command line to 'False'
[0.956s] Level 5:colcon.colcon_core.verb:set package 'zpackage_ac_ser' build argument 'cmake_force_configure' from command line to 'False'
[0.956s] Level 5:colcon.colcon_core.verb:set package 'zpackage_ac_ser' build argument 'ament_cmake_args' from command line to 'None'
[0.956s] Level 5:colcon.colcon_core.verb:set package 'zpackage_ac_ser' build argument 'catkin_cmake_args' from command line to 'None'
[0.956s] Level 5:colcon.colcon_core.verb:set package 'zpackage_ac_ser' build argument 'catkin_skip_building_tests' from command line to 'False'
[0.956s] DEBUG:colcon.colcon_core.verb:Building package 'zpackage_ac_ser' with the following arguments: {'ament_cmake_args': None, 'build_base': '/home/zechariah/ros2_ws/build/zpackage_ac_ser', 'catkin_cmake_args': None, 'catkin_skip_building_tests': False, 'cmake_args': None, 'cmake_clean_cache': False, 'cmake_clean_first': False, 'cmake_force_configure': False, 'cmake_target': None, 'cmake_target_skip_unavailable': False, 'install_base': '/home/zechariah/ros2_ws/install/zpackage_ac_ser', 'merge_install': False, 'path': '/home/zechariah/ros2_ws/src/zpackage_ac_ser', 'symlink_install': False, 'test_result_base': None}
[0.956s] INFO:colcon.colcon_core.executor:Executing jobs using 'parallel' executor
[0.960s] DEBUG:colcon.colcon_parallel_executor.executor.parallel:run_until_complete
[0.961s] INFO:colcon.colcon_ros.task.ament_cmake.build:Building ROS package in '/home/zechariah/ros2_ws/src/zpackage_ac_ser' with build type 'ament_cmake'
[0.962s] INFO:colcon.colcon_cmake.task.cmake.build:Building CMake package in '/home/zechariah/ros2_ws/src/zpackage_ac_ser'
[0.967s] INFO:colcon.colcon_core.plugin_system:Skipping extension 'colcon_core.shell.bat': Not used on non-Windows systems
[0.968s] INFO:colcon.colcon_core.shell:Skip shell extension 'powershell' for command environment: Not usable outside of PowerShell
[0.968s] DEBUG:colcon.colcon_core.shell:Skip shell extension 'dsv' for command environment
[1.026s] DEBUG:colcon.colcon_core.event_handler.log_command:Invoking command in '/home/zechariah/ros2_ws/build/zpackage_ac_ser': CMAKE_PREFIX_PATH=/opt/ros/humble /usr/bin/cmake --build /home/zechariah/ros2_ws/build/zpackage_ac_ser -- -j6 -l6
[12.843s] DEBUG:colcon.colcon_core.event_handler.log_command:Invoked command in '/home/zechariah/ros2_ws/build/zpackage_ac_ser' returned '2': CMAKE_PREFIX_PATH=/opt/ros/humble /usr/bin/cmake --build /home/zechariah/ros2_ws/build/zpackage_ac_ser -- -j6 -l6
[13.062s] Level 1:colcon.colcon_core.environment:create_environment_scripts_only(zpackage_ac_ser)
[13.070s] Level 1:colcon.colcon_core.environment:checking '/home/zechariah/ros2_ws/install/zpackage_ac_ser' for CMake module files
[13.071s] Level 1:colcon.colcon_core.environment:checking '/home/zechariah/ros2_ws/install/zpackage_ac_ser' for CMake config files
[13.073s] Level 1:colcon.colcon_core.environment:checking '/home/zechariah/ros2_ws/install/zpackage_ac_ser/bin'
[13.074s] Level 1:colcon.colcon_core.environment:checking '/home/zechariah/ros2_ws/install/zpackage_ac_ser/lib/pkgconfig/zpackage_ac_ser.pc'
[13.074s] Level 1:colcon.colcon_core.environment:checking '/home/zechariah/ros2_ws/install/zpackage_ac_ser/lib/python3.10/site-packages'
[13.075s] Level 1:colcon.colcon_core.environment:checking '/home/zechariah/ros2_ws/install/zpackage_ac_ser/bin'
[13.076s] INFO:colcon.colcon_core.shell:Creating package script '/home/zechariah/ros2_ws/install/zpackage_ac_ser/share/zpackage_ac_ser/package.ps1'
[13.082s] INFO:colcon.colcon_core.shell:Creating package descriptor '/home/zechariah/ros2_ws/install/zpackage_ac_ser/share/zpackage_ac_ser/package.dsv'
[13.085s] INFO:colcon.colcon_core.shell:Creating package script '/home/zechariah/ros2_ws/install/zpackage_ac_ser/share/zpackage_ac_ser/package.sh'
[13.089s] INFO:colcon.colcon_core.shell:Creating package script '/home/zechariah/ros2_ws/install/zpackage_ac_ser/share/zpackage_ac_ser/package.bash'
[13.093s] INFO:colcon.colcon_core.shell:Creating package script '/home/zechariah/ros2_ws/install/zpackage_ac_ser/share/zpackage_ac_ser/package.zsh'
[13.096s] Level 1:colcon.colcon_core.environment:create_file_with_runtime_dependencies(/home/zechariah/ros2_ws/install/zpackage_ac_ser/share/colcon-core/packages/zpackage_ac_ser)
[13.108s] DEBUG:colcon.colcon_parallel_executor.executor.parallel:closing loop
[13.109s] DEBUG:colcon.colcon_parallel_executor.executor.parallel:loop closed
[13.109s] DEBUG:colcon.colcon_parallel_executor.executor.parallel:run_until_complete finished with '2'
[13.109s] DEBUG:colcon.colcon_core.event_reactor:joining thread
[13.129s] INFO:colcon.colcon_core.plugin_system:Skipping extension 'colcon_notification.desktop_notification.terminal_notifier': Not used on non-Darwin systems
[13.130s] INFO:colcon.colcon_core.plugin_system:Skipping extension 'colcon_notification.desktop_notification.win32': Not used on non-Windows systems
[13.130s] INFO:colcon.colcon_notification.desktop_notification:Sending desktop notification using 'notify2'
[13.188s] DEBUG:colcon.colcon_core.event_reactor:joined thread
[13.189s] INFO:colcon.colcon_core.shell:Creating prefix script '/home/zechariah/ros2_ws/install/local_setup.ps1'
[13.193s] INFO:colcon.colcon_core.shell:Creating prefix util module '/home/zechariah/ros2_ws/install/_local_setup_util_ps1.py'
[13.200s] INFO:colcon.colcon_core.shell:Creating prefix chain script '/home/zechariah/ros2_ws/install/setup.ps1'
[13.208s] INFO:colcon.colcon_core.shell:Creating prefix script '/home/zechariah/ros2_ws/install/local_setup.sh'
[13.213s] INFO:colcon.colcon_core.shell:Creating prefix util module '/home/zechariah/ros2_ws/install/_local_setup_util_sh.py'
[13.217s] INFO:colcon.colcon_core.shell:Creating prefix chain script '/home/zechariah/ros2_ws/install/setup.sh'
[13.223s] INFO:colcon.colcon_core.shell:Creating prefix script '/home/zechariah/ros2_ws/install/local_setup.bash'
[13.226s] INFO:colcon.colcon_core.shell:Creating prefix chain script '/home/zechariah/ros2_ws/install/setup.bash'
[13.230s] INFO:colcon.colcon_core.shell:Creating prefix script '/home/zechariah/ros2_ws/install/local_setup.zsh'
[13.234s] INFO:colcon.colcon_core.shell:Creating prefix chain script '/home/zechariah/ros2_ws/install/setup.zsh'
