[0.102s] Invoking command in '/home/zechariah/ros2_ws/build/zpackage_ac_ser': CMAKE_PREFIX_PATH=/opt/ros/humble /usr/bin/cmake /home/zechariah/ros2_ws/src/zpackage_ac_ser -DCMAKE_INSTALL_PREFIX=/home/zechariah/ros2_ws/install/zpackage_ac_ser
[0.285s] -- Found ament_cmake: 1.3.8 (/opt/ros/humble/share/ament_cmake/cmake)
[1.116s] -- Found action_tutorials_interfaces: 0.20.3 (/opt/ros/humble/share/action_tutorials_interfaces/cmake)
[1.402s] -- Found rosidl_generator_c: 3.1.5 (/opt/ros/humble/share/rosidl_generator_c/cmake)
[1.443s] -- Found rosidl_adapter: 3.1.5 (/opt/ros/humble/share/rosidl_adapter/cmake)
[1.530s] -- Found rosidl_generator_cpp: 3.1.5 (/opt/ros/humble/share/rosidl_generator_cpp/cmake)
[1.658s] -- Using all available rosidl_typesupport_c: rosidl_typesupport_fastrtps_c;rosidl_typesupport_introspection_c
[1.803s] -- Using all available rosidl_typesupport_cpp: rosidl_typesupport_fastrtps_cpp;rosidl_typesupport_introspection_cpp
[2.808s] -- Found rclcpp: 16.0.8 (/opt/ros/humble/share/rclcpp/cmake)
[3.290s] -- Found rmw_implementation_cmake: 6.1.1 (/opt/ros/humble/share/rmw_implementation_cmake/cmake)
[3.323s] -- Found rmw_fastrtps_cpp: 6.2.6 (/opt/ros/humble/share/rmw_fastrtps_cpp/cmake)
[4.180s] -- Using RMW implementation 'rmw_fastrtps_cpp' as default
[5.013s] -- Found rclcpp_action: 16.0.8 (/opt/ros/humble/share/rclcpp_action/cmake)
[5.202s] -- Found rclcpp_components: 16.0.8 (/opt/ros/humble/share/rclcpp_components/cmake)
[5.535s] [31mCMake Error at /opt/ros/humble/share/ament_cmake_target_dependencies/cmake/ament_target_dependencies.cmake:42 (message):
[5.535s]   ament_target_dependencies() the first argument must be a valid target name
[5.536s] Call Stack (most recent call first):
[5.536s]   CMakeLists.txt:51 (ament_target_dependencies)
[5.536s] 
[5.536s] [0m
[5.536s] -- Configuring incomplete, errors occurred!
[5.536s] See also "/home/zechariah/ros2_ws/build/zpackage_ac_ser/CMakeFiles/CMakeOutput.log".
[5.553s] Invoked command in '/home/zechariah/ros2_ws/build/zpackage_ac_ser' returned '1': CMAKE_PREFIX_PATH=/opt/ros/humble /usr/bin/cmake /home/zechariah/ros2_ws/src/zpackage_ac_ser -DCMAKE_INSTALL_PREFIX=/home/zechariah/ros2_ws/install/zpackage_ac_ser
