[0.331s] DEBUG:colcon:Command line arguments: ['/usr/bin/colcon', 'build', '--packages-select', 'zpackage_ac_ser']
[0.331s] DEBUG:colcon:Parsed command line arguments: Namespace(log_base=None, log_level=None, verb_name='build', build_base='build', install_base='install', merge_install=False, symlink_install=False, test_result_base=None, continue_on_error=False, executor='parallel', parallel_workers=6, event_handlers=None, ignore_user_meta=False, metas=['./colcon.meta'], base_paths=['.'], packages_ignore=None, packages_ignore_regex=None, paths=None, packages_up_to=None, packages_up_to_regex=None, packages_above=None, packages_above_and_dependencies=None, packages_above_depth=None, packages_select_by_dep=None, packages_skip_by_dep=None, packages_skip_up_to=None, packages_select_build_failed=False, packages_skip_build_finished=False, packages_select_test_failures=False, packages_skip_test_passed=False, packages_select=['zpackage_ac_ser'], packages_skip=None, packages_select_regex=None, packages_skip_regex=None, packages_start=None, packages_end=None, allow_overriding=[], cmake_args=None, cmake_target=None, cmake_target_skip_unavailable=False, cmake_clean_cache=False, cmake_clean_first=False, cmake_force_configure=False, ament_cmake_args=None, catkin_cmake_args=None, catkin_skip_building_tests=False, verb_parser=<colcon_defaults.argument_parser.defaults.DefaultArgumentsDecorator object at 0x79b5c9b0c4f0>, verb_extension=<colcon_core.verb.build.BuildVerb object at 0x79b5c9acfbe0>, main=<bound method BuildVerb.main of <colcon_core.verb.build.BuildVerb object at 0x79b5c9acfbe0>>)
[0.856s] Level 1:colcon.colcon_core.package_discovery:discover_packages(colcon_meta) check parameters
[0.857s] Level 1:colcon.colcon_core.package_discovery:discover_packages(recursive) check parameters
[0.857s] Level 1:colcon.colcon_core.package_discovery:discover_packages(ignore) check parameters
[0.857s] Level 1:colcon.colcon_core.package_discovery:discover_packages(path) check parameters
[0.857s] Level 1:colcon.colcon_core.package_discovery:discover_packages(colcon_meta) discover
[0.857s] Level 1:colcon.colcon_core.package_discovery:discover_packages(recursive) discover
[0.858s] INFO:colcon.colcon_core.package_discovery:Crawling recursively for packages in '/home/zechariah/ros2_ws'
[0.858s] Level 1:colcon.colcon_core.package_identification:_identify(.) by extensions ['ignore', 'ignore_ament_install']
[0.858s] Level 1:colcon.colcon_core.package_identification:_identify(.) by extension 'ignore'
[0.859s] Level 1:colcon.colcon_core.package_identification:_identify(.) by extension 'ignore_ament_install'
[0.859s] Level 1:colcon.colcon_core.package_identification:_identify(.) by extensions ['colcon_pkg']
[0.860s] Level 1:colcon.colcon_core.package_identification:_identify(.) by extension 'colcon_pkg'
[0.860s] Level 1:colcon.colcon_core.package_identification:_identify(.) by extensions ['colcon_meta']
[0.860s] Level 1:colcon.colcon_core.package_identification:_identify(.) by extension 'colcon_meta'
[0.860s] Level 1:colcon.colcon_core.package_identification:_identify(.) by extensions ['ros']
[0.860s] Level 1:colcon.colcon_core.package_identification:_identify(.) by extension 'ros'
[0.896s] Level 1:colcon.colcon_core.package_identification:_identify(.) by extensions ['cmake', 'python']
[0.897s] Level 1:colcon.colcon_core.package_identification:_identify(.) by extension 'cmake'
[0.897s] Level 1:colcon.colcon_core.package_identification:_identify(.) by extension 'python'
[0.897s] Level 1:colcon.colcon_core.package_identification:_identify(.) by extensions ['python_setup_py']
[0.897s] Level 1:colcon.colcon_core.package_identification:_identify(.) by extension 'python_setup_py'
[0.898s] Level 1:colcon.colcon_core.package_identification:_identify(build) by extensions ['ignore', 'ignore_ament_install']
[0.898s] Level 1:colcon.colcon_core.package_identification:_identify(build) by extension 'ignore'
[0.899s] Level 1:colcon.colcon_core.package_identification:_identify(build) ignored
[0.899s] Level 1:colcon.colcon_core.package_identification:_identify(install) by extensions ['ignore', 'ignore_ament_install']
[0.900s] Level 1:colcon.colcon_core.package_identification:_identify(install) by extension 'ignore'
[0.900s] Level 1:colcon.colcon_core.package_identification:_identify(install) ignored
[0.900s] Level 1:colcon.colcon_core.package_identification:_identify(log) by extensions ['ignore', 'ignore_ament_install']
[0.901s] Level 1:colcon.colcon_core.package_identification:_identify(log) by extension 'ignore'
[0.901s] Level 1:colcon.colcon_core.package_identification:_identify(log) ignored
[0.901s] Level 1:colcon.colcon_core.package_identification:_identify(src) by extensions ['ignore', 'ignore_ament_install']
[0.902s] Level 1:colcon.colcon_core.package_identification:_identify(src) by extension 'ignore'
[0.902s] Level 1:colcon.colcon_core.package_identification:_identify(src) by extension 'ignore_ament_install'
[0.902s] Level 1:colcon.colcon_core.package_identification:_identify(src) by extensions ['colcon_pkg']
[0.902s] Level 1:colcon.colcon_core.package_identification:_identify(src) by extension 'colcon_pkg'
[0.903s] Level 1:colcon.colcon_core.package_identification:_identify(src) by extensions ['colcon_meta']
[0.903s] Level 1:colcon.colcon_core.package_identification:_identify(src) by extension 'colcon_meta'
[0.903s] Level 1:colcon.colcon_core.package_identification:_identify(src) by extensions ['ros']
[0.903s] Level 1:colcon.colcon_core.package_identification:_identify(src) by extension 'ros'
[0.904s] Level 1:colcon.colcon_core.package_identification:_identify(src) by extensions ['cmake', 'python']
[0.904s] Level 1:colcon.colcon_core.package_identification:_identify(src) by extension 'cmake'
[0.904s] Level 1:colcon.colcon_core.package_identification:_identify(src) by extension 'python'
[0.904s] Level 1:colcon.colcon_core.package_identification:_identify(src) by extensions ['python_setup_py']
[0.904s] Level 1:colcon.colcon_core.package_identification:_identify(src) by extension 'python_setup_py'
[0.905s] Level 1:colcon.colcon_core.package_identification:_identify(src/zpackage) by extensions ['ignore', 'ignore_ament_install']
[0.905s] Level 1:colcon.colcon_core.package_identification:_identify(src/zpackage) by extension 'ignore'
[0.906s] Level 1:colcon.colcon_core.package_identification:_identify(src/zpackage) by extension 'ignore_ament_install'
[0.906s] Level 1:colcon.colcon_core.package_identification:_identify(src/zpackage) by extensions ['colcon_pkg']
[0.906s] Level 1:colcon.colcon_core.package_identification:_identify(src/zpackage) by extension 'colcon_pkg'
[0.907s] Level 1:colcon.colcon_core.package_identification:_identify(src/zpackage) by extensions ['colcon_meta']
[0.907s] Level 1:colcon.colcon_core.package_identification:_identify(src/zpackage) by extension 'colcon_meta'
[0.907s] Level 1:colcon.colcon_core.package_identification:_identify(src/zpackage) by extensions ['ros']
[0.907s] Level 1:colcon.colcon_core.package_identification:_identify(src/zpackage) by extension 'ros'
[0.915s] DEBUG:colcon.colcon_core.package_identification:Package 'src/zpackage' with type 'ros.ament_cmake' and name 'zpackage'
[0.916s] Level 1:colcon.colcon_core.package_identification:_identify(src/zpackage_ac_ser) by extensions ['ignore', 'ignore_ament_install']
[0.917s] Level 1:colcon.colcon_core.package_identification:_identify(src/zpackage_ac_ser) by extension 'ignore'
[0.917s] Level 1:colcon.colcon_core.package_identification:_identify(src/zpackage_ac_ser) by extension 'ignore_ament_install'
[0.917s] Level 1:colcon.colcon_core.package_identification:_identify(src/zpackage_ac_ser) by extensions ['colcon_pkg']
[0.918s] Level 1:colcon.colcon_core.package_identification:_identify(src/zpackage_ac_ser) by extension 'colcon_pkg'
[0.918s] Level 1:colcon.colcon_core.package_identification:_identify(src/zpackage_ac_ser) by extensions ['colcon_meta']
[0.918s] Level 1:colcon.colcon_core.package_identification:_identify(src/zpackage_ac_ser) by extension 'colcon_meta'
[0.919s] Level 1:colcon.colcon_core.package_identification:_identify(src/zpackage_ac_ser) by extensions ['ros']
[0.919s] Level 1:colcon.colcon_core.package_identification:_identify(src/zpackage_ac_ser) by extension 'ros'
[0.921s] DEBUG:colcon.colcon_core.package_identification:Package 'src/zpackage_ac_ser' with type 'ros.ament_cmake' and name 'zpackage_ac_ser'
[0.921s] Level 1:colcon.colcon_core.package_discovery:discover_packages(recursive) using defaults
[0.922s] Level 1:colcon.colcon_core.package_discovery:discover_packages(ignore) discover
[0.922s] Level 1:colcon.colcon_core.package_discovery:discover_packages(ignore) using defaults
[0.922s] Level 1:colcon.colcon_core.package_discovery:discover_packages(path) discover
[0.922s] Level 1:colcon.colcon_core.package_discovery:discover_packages(path) using defaults
[0.974s] INFO:colcon.colcon_core.package_selection:Skipping not selected package 'zpackage' in 'src/zpackage'
[0.975s] Level 1:colcon.colcon_core.package_discovery:discover_packages(prefix_path) check parameters
[0.975s] Level 1:colcon.colcon_core.package_discovery:discover_packages(prefix_path) discover
[0.984s] DEBUG:colcon.colcon_installed_package_information.package_discovery:Found 270 installed packages in /opt/ros/humble
[1.009s] Level 1:colcon.colcon_core.package_discovery:discover_packages(prefix_path) using defaults
[1.133s] Level 5:colcon.colcon_core.verb:set package 'zpackage_ac_ser' build argument 'cmake_args' from command line to 'None'
[1.133s] Level 5:colcon.colcon_core.verb:set package 'zpackage_ac_ser' build argument 'cmake_target' from command line to 'None'
[1.134s] Level 5:colcon.colcon_core.verb:set package 'zpackage_ac_ser' build argument 'cmake_target_skip_unavailable' from command line to 'False'
[1.134s] Level 5:colcon.colcon_core.verb:set package 'zpackage_ac_ser' build argument 'cmake_clean_cache' from command line to 'False'
[1.134s] Level 5:colcon.colcon_core.verb:set package 'zpackage_ac_ser' build argument 'cmake_clean_first' from command line to 'False'
[1.134s] Level 5:colcon.colcon_core.verb:set package 'zpackage_ac_ser' build argument 'cmake_force_configure' from command line to 'False'
[1.134s] Level 5:colcon.colcon_core.verb:set package 'zpackage_ac_ser' build argument 'ament_cmake_args' from command line to 'None'
[1.134s] Level 5:colcon.colcon_core.verb:set package 'zpackage_ac_ser' build argument 'catkin_cmake_args' from command line to 'None'
[1.134s] Level 5:colcon.colcon_core.verb:set package 'zpackage_ac_ser' build argument 'catkin_skip_building_tests' from command line to 'False'
[1.134s] DEBUG:colcon.colcon_core.verb:Building package 'zpackage_ac_ser' with the following arguments: {'ament_cmake_args': None, 'build_base': '/home/zechariah/ros2_ws/build/zpackage_ac_ser', 'catkin_cmake_args': None, 'catkin_skip_building_tests': False, 'cmake_args': None, 'cmake_clean_cache': False, 'cmake_clean_first': False, 'cmake_force_configure': False, 'cmake_target': None, 'cmake_target_skip_unavailable': False, 'install_base': '/home/zechariah/ros2_ws/install/zpackage_ac_ser', 'merge_install': False, 'path': '/home/zechariah/ros2_ws/src/zpackage_ac_ser', 'symlink_install': False, 'test_result_base': None}
[1.135s] INFO:colcon.colcon_core.executor:Executing jobs using 'parallel' executor
[1.138s] DEBUG:colcon.colcon_parallel_executor.executor.parallel:run_until_complete
[1.138s] INFO:colcon.colcon_ros.task.ament_cmake.build:Building ROS package in '/home/zechariah/ros2_ws/src/zpackage_ac_ser' with build type 'ament_cmake'
[1.139s] INFO:colcon.colcon_cmake.task.cmake.build:Building CMake package in '/home/zechariah/ros2_ws/src/zpackage_ac_ser'
[1.147s] INFO:colcon.colcon_core.plugin_system:Skipping extension 'colcon_core.shell.bat': Not used on non-Windows systems
[1.147s] INFO:colcon.colcon_core.shell:Skip shell extension 'powershell' for command environment: Not usable outside of PowerShell
[1.148s] DEBUG:colcon.colcon_core.shell:Skip shell extension 'dsv' for command environment
[1.195s] DEBUG:colcon.colcon_core.event_handler.log_command:Invoking command in '/home/zechariah/ros2_ws/build/zpackage_ac_ser': CMAKE_PREFIX_PATH=/opt/ros/humble /usr/bin/cmake --build /home/zechariah/ros2_ws/build/zpackage_ac_ser -- -j6 -l6
[14.332s] DEBUG:colcon.colcon_core.event_handler.log_command:Invoked command in '/home/zechariah/ros2_ws/build/zpackage_ac_ser' returned '2': CMAKE_PREFIX_PATH=/opt/ros/humble /usr/bin/cmake --build /home/zechariah/ros2_ws/build/zpackage_ac_ser -- -j6 -l6
[14.543s] Level 1:colcon.colcon_core.environment:create_environment_scripts_only(zpackage_ac_ser)
[14.549s] Level 1:colcon.colcon_core.environment:checking '/home/zechariah/ros2_ws/install/zpackage_ac_ser' for CMake module files
[14.550s] Level 1:colcon.colcon_core.environment:checking '/home/zechariah/ros2_ws/install/zpackage_ac_ser' for CMake config files
[14.552s] Level 1:colcon.colcon_core.environment:checking '/home/zechariah/ros2_ws/install/zpackage_ac_ser/bin'
[14.552s] Level 1:colcon.colcon_core.environment:checking '/home/zechariah/ros2_ws/install/zpackage_ac_ser/lib/pkgconfig/zpackage_ac_ser.pc'
[14.553s] Level 1:colcon.colcon_core.environment:checking '/home/zechariah/ros2_ws/install/zpackage_ac_ser/lib/python3.10/site-packages'
[14.553s] Level 1:colcon.colcon_core.environment:checking '/home/zechariah/ros2_ws/install/zpackage_ac_ser/bin'
[14.554s] INFO:colcon.colcon_core.shell:Creating package script '/home/zechariah/ros2_ws/install/zpackage_ac_ser/share/zpackage_ac_ser/package.ps1'
[14.558s] INFO:colcon.colcon_core.shell:Creating package descriptor '/home/zechariah/ros2_ws/install/zpackage_ac_ser/share/zpackage_ac_ser/package.dsv'
[14.562s] INFO:colcon.colcon_core.shell:Creating package script '/home/zechariah/ros2_ws/install/zpackage_ac_ser/share/zpackage_ac_ser/package.sh'
[14.566s] INFO:colcon.colcon_core.shell:Creating package script '/home/zechariah/ros2_ws/install/zpackage_ac_ser/share/zpackage_ac_ser/package.bash'
[14.570s] INFO:colcon.colcon_core.shell:Creating package script '/home/zechariah/ros2_ws/install/zpackage_ac_ser/share/zpackage_ac_ser/package.zsh'
[14.573s] Level 1:colcon.colcon_core.environment:create_file_with_runtime_dependencies(/home/zechariah/ros2_ws/install/zpackage_ac_ser/share/colcon-core/packages/zpackage_ac_ser)
[14.585s] DEBUG:colcon.colcon_parallel_executor.executor.parallel:closing loop
[14.586s] DEBUG:colcon.colcon_parallel_executor.executor.parallel:loop closed
[14.586s] DEBUG:colcon.colcon_parallel_executor.executor.parallel:run_until_complete finished with '2'
[14.587s] DEBUG:colcon.colcon_core.event_reactor:joining thread
[14.614s] INFO:colcon.colcon_core.plugin_system:Skipping extension 'colcon_notification.desktop_notification.terminal_notifier': Not used on non-Darwin systems
[14.614s] INFO:colcon.colcon_core.plugin_system:Skipping extension 'colcon_notification.desktop_notification.win32': Not used on non-Windows systems
[14.614s] INFO:colcon.colcon_notification.desktop_notification:Sending desktop notification using 'notify2'
[14.677s] DEBUG:colcon.colcon_core.event_reactor:joined thread
[14.678s] INFO:colcon.colcon_core.shell:Creating prefix script '/home/zechariah/ros2_ws/install/local_setup.ps1'
[14.683s] INFO:colcon.colcon_core.shell:Creating prefix util module '/home/zechariah/ros2_ws/install/_local_setup_util_ps1.py'
[14.688s] INFO:colcon.colcon_core.shell:Creating prefix chain script '/home/zechariah/ros2_ws/install/setup.ps1'
[14.693s] INFO:colcon.colcon_core.shell:Creating prefix script '/home/zechariah/ros2_ws/install/local_setup.sh'
[14.696s] INFO:colcon.colcon_core.shell:Creating prefix util module '/home/zechariah/ros2_ws/install/_local_setup_util_sh.py'
[14.699s] INFO:colcon.colcon_core.shell:Creating prefix chain script '/home/zechariah/ros2_ws/install/setup.sh'
[14.703s] INFO:colcon.colcon_core.shell:Creating prefix script '/home/zechariah/ros2_ws/install/local_setup.bash'
[14.707s] INFO:colcon.colcon_core.shell:Creating prefix chain script '/home/zechariah/ros2_ws/install/setup.bash'
[14.710s] INFO:colcon.colcon_core.shell:Creating prefix script '/home/zechariah/ros2_ws/install/local_setup.zsh'
[14.714s] INFO:colcon.colcon_core.shell:Creating prefix chain script '/home/zechariah/ros2_ws/install/setup.zsh'
