[0.067s] Invoking command in '/home/zechariah/ros2_ws/build/zpackage': CMAKE_PREFIX_PATH=/opt/ros/humble /usr/bin/cmake --build /home/zechariah/ros2_ws/build/zpackage -- -j6 -l6
[0.187s] -- Found ament_cmake: 1.3.8 (/opt/ros/humble/share/ament_cmake/cmake)
[0.743s] -- Override CMake install command with custom implementation using symlinks instead of copying resources
[0.787s] -- Found rclcpp: 16.0.8 (/opt/ros/humble/share/rclcpp/cmake)
[0.902s] -- Found rosidl_generator_c: 3.1.5 (/opt/ros/humble/share/rosidl_generator_c/cmake)
[0.914s] -- Found rosidl_adapter: 3.1.5 (/opt/ros/humble/share/rosidl_adapter/cmake)
[0.945s] -- Found rosidl_generator_cpp: 3.1.5 (/opt/ros/humble/share/rosidl_generator_cpp/cmake)
[0.998s] -- Using all available rosidl_typesupport_c: rosidl_typesupport_fastrtps_c;rosidl_typesupport_introspection_c
[1.081s] -- Using all available rosidl_typesupport_cpp: rosidl_typesupport_fastrtps_cpp;rosidl_typesupport_introspection_cpp
[1.309s] -- Found rmw_implementation_cmake: 6.1.1 (/opt/ros/humble/share/rmw_implementation_cmake/cmake)
[1.313s] -- Found rmw_fastrtps_cpp: 6.2.6 (/opt/ros/humble/share/rmw_fastrtps_cpp/cmake)
[1.780s] -- Using RMW implementation 'rmw_fastrtps_cpp' as default
[2.611s] -- Configuring done
[2.684s] -- Generating done
[2.702s] -- Build files have been written to: /home/zechariah/ros2_ws/build/zpackage
[2.818s] [35m[1mConsolidate compiler generated dependencies of target publisher_node[0m
[2.821s] [35m[1mConsolidate compiler generated dependencies of target subscriber_node[0m
[2.935s] [ 50%] Built target subscriber_node
[2.936s] [100%] Built target publisher_node
[2.978s] Invoked command in '/home/zechariah/ros2_ws/build/zpackage' returned '0': CMAKE_PREFIX_PATH=/opt/ros/humble /usr/bin/cmake --build /home/zechariah/ros2_ws/build/zpackage -- -j6 -l6
[3.195s] Invoking command in '/home/zechariah/ros2_ws/build/zpackage': CMAKE_PREFIX_PATH=/opt/ros/humble /usr/bin/cmake --install /home/zechariah/ros2_ws/build/zpackage
[3.220s] -- Install configuration: ""
[3.221s] -- Execute custom install script
[3.223s] -- Up-to-date symlink: /home/zechariah/ros2_ws/install/zpackage/lib/zpackage/publisher_node
[3.223s] -- Up-to-date symlink: /home/zechariah/ros2_ws/install/zpackage/lib/zpackage/subscriber_node
[3.224s] [31mCMake Error at ament_cmake_symlink_install/ament_cmake_symlink_install.cmake:100 (message):
[3.224s]   ament_cmake_symlink_install_directory() can't find
[3.224s]   '/home/zechariah/ros2_ws/src/zpackage/launch'
[3.225s] Call Stack (most recent call first):
[3.225s]   ament_cmake_symlink_install/ament_cmake_symlink_install.cmake:317 (ament_cmake_symlink_install_directory)
[3.226s]   cmake_install.cmake:46 (include)
[3.227s] 
[3.229s] [0m
[3.233s] Invoked command in '/home/zechariah/ros2_ws/build/zpackage' returned '1': CMAKE_PREFIX_PATH=/opt/ros/humble /usr/bin/cmake --install /home/zechariah/ros2_ws/build/zpackage
