[0.033s] Invoking command in '/home/zechariah/ros2_ws/build/zpackage': CMAKE_PREFIX_PATH=/opt/ros/humble /usr/bin/cmake --build /home/zechariah/ros2_ws/build/zpackage -- -j6 -l6
[0.114s] -- Found ament_cmake: 1.3.8 (/opt/ros/humble/share/ament_cmake/cmake)
[0.436s] -- Override CMake install command with custom implementation using symlinks instead of copying resources
[0.458s] -- Found rclcpp: 16.0.8 (/opt/ros/humble/share/rclcpp/cmake)
[0.528s] -- Found rosidl_generator_c: 3.1.5 (/opt/ros/humble/share/rosidl_generator_c/cmake)
[0.534s] -- Found rosidl_adapter: 3.1.5 (/opt/ros/humble/share/rosidl_adapter/cmake)
[0.552s] -- Found rosidl_generator_cpp: 3.1.5 (/opt/ros/humble/share/rosidl_generator_cpp/cmake)
[0.582s] -- Using all available rosidl_typesupport_c: rosidl_typesupport_fastrtps_c;rosidl_typesupport_introspection_c
[0.624s] -- Using all available rosidl_typesupport_cpp: rosidl_typesupport_fastrtps_cpp;rosidl_typesupport_introspection_cpp
[0.781s] -- Found rmw_implementation_cmake: 6.1.1 (/opt/ros/humble/share/rmw_implementation_cmake/cmake)
[0.784s] -- Found rmw_fastrtps_cpp: 6.2.6 (/opt/ros/humble/share/rmw_fastrtps_cpp/cmake)
[1.083s] -- Using RMW implementation 'rmw_fastrtps_cpp' as default
[1.698s] -- Configuring done
[1.766s] -- Generating done
[1.788s] -- Build files have been written to: /home/zechariah/ros2_ws/build/zpackage
[1.906s] [35m[1mConsolidate compiler generated dependencies of target publisher_node[0m
[1.907s] [35m[1mConsolidate compiler generated dependencies of target subscriber_node[0m
[1.991s] [ 50%] Built target subscriber_node
[1.993s] [100%] Built target publisher_node
[2.032s] Invoked command in '/home/zechariah/ros2_ws/build/zpackage' returned '0': CMAKE_PREFIX_PATH=/opt/ros/humble /usr/bin/cmake --build /home/zechariah/ros2_ws/build/zpackage -- -j6 -l6
[2.240s] Invoking command in '/home/zechariah/ros2_ws/build/zpackage': CMAKE_PREFIX_PATH=/opt/ros/humble /usr/bin/cmake --install /home/zechariah/ros2_ws/build/zpackage
[2.277s] -- Install configuration: ""
[2.278s] -- Execute custom install script
[2.279s] -- Up-to-date symlink: /home/zechariah/ros2_ws/install/zpackage/lib/zpackage/publisher_node
[2.280s] -- Up-to-date symlink: /home/zechariah/ros2_ws/install/zpackage/lib/zpackage/subscriber_node
[2.280s] -- Symlinking: /home/zechariah/ros2_ws/install/zpackage/share/zpackage/package.xml
[2.312s] -- Symlinking: /home/zechariah/ros2_ws/install/zpackage/share/ament_index/resource_index/package_run_dependencies/zpackage
[2.342s] -- Symlinking: /home/zechariah/ros2_ws/install/zpackage/share/ament_index/resource_index/parent_prefix_path/zpackage
[2.376s] -- Symlinking: /home/zechariah/ros2_ws/install/zpackage/share/zpackage/environment/ament_prefix_path.sh
[2.415s] -- Symlinking: /home/zechariah/ros2_ws/install/zpackage/share/zpackage/environment/ament_prefix_path.dsv
[2.451s] -- Symlinking: /home/zechariah/ros2_ws/install/zpackage/share/zpackage/environment/path.sh
[2.485s] -- Symlinking: /home/zechariah/ros2_ws/install/zpackage/share/zpackage/environment/path.dsv
[2.516s] -- Symlinking: /home/zechariah/ros2_ws/install/zpackage/share/zpackage/local_setup.bash
[2.549s] -- Symlinking: /home/zechariah/ros2_ws/install/zpackage/share/zpackage/local_setup.sh
[2.582s] -- Symlinking: /home/zechariah/ros2_ws/install/zpackage/share/zpackage/local_setup.zsh
[2.612s] -- Symlinking: /home/zechariah/ros2_ws/install/zpackage/share/zpackage/local_setup.dsv
[2.647s] -- Symlinking: /home/zechariah/ros2_ws/install/zpackage/share/zpackage/package.dsv
[2.690s] -- Symlinking: /home/zechariah/ros2_ws/install/zpackage/share/ament_index/resource_index/packages/zpackage
[2.721s] -- Symlinking: /home/zechariah/ros2_ws/install/zpackage/share/zpackage/cmake/zpackageConfig.cmake
[2.760s] -- Symlinking: /home/zechariah/ros2_ws/install/zpackage/share/zpackage/cmake/zpackageConfig-version.cmake
[2.799s] -- Up-to-date symlink: /home/zechariah/ros2_ws/install/zpackage/share/zpackage/package.xml
[2.807s] Invoked command in '/home/zechariah/ros2_ws/build/zpackage' returned '0': CMAKE_PREFIX_PATH=/opt/ros/humble /usr/bin/cmake --install /home/zechariah/ros2_ws/build/zpackage
