[0.095s] Invoking command in '/home/zechariah/ros2_ws/build/zpackage_ac_ser': CMAKE_PREFIX_PATH=/opt/ros/humble /usr/bin/cmake /home/zechariah/ros2_ws/src/zpackage_ac_ser -DCMAKE_INSTALL_PREFIX=/home/zechariah/ros2_ws/install/zpackage_ac_ser
[0.167s] -- Found ament_cmake: 1.3.8 (/opt/ros/humble/share/ament_cmake/cmake)
[0.852s] [31mCMake Error at /opt/ros/humble/share/ament_cmake_core/cmake/ament_cmake_uninstall_target-extras.cmake:40 (add_custom_target):
[0.853s]   add_custom_target called with target name containing a "<".  This character
[0.853s]   is not allowed.
[0.854s] Call Stack (most recent call first):
[0.856s]   /opt/ros/humble/share/ament_cmake_core/cmake/ament_cmake_coreConfig.cmake:41 (include)
[0.856s]   /opt/ros/humble/share/ament_cmake/cmake/ament_cmake_export_dependencies-extras.cmake:15 (find_package)
[0.857s]   /opt/ros/humble/share/ament_cmake/cmake/ament_cmakeConfig.cmake:41 (include)
[0.857s]   CMakeLists.txt:37 (find_package)
[0.858s] 
[0.858s] [0m
[0.886s] -- Found action_tutorials_interfaces: 0.20.3 (/opt/ros/humble/share/action_tutorials_interfaces/cmake)
[0.969s] -- Found rosidl_generator_c: 3.1.5 (/opt/ros/humble/share/rosidl_generator_c/cmake)
[0.978s] -- Found rosidl_adapter: 3.1.5 (/opt/ros/humble/share/rosidl_adapter/cmake)
[1.003s] -- Found rosidl_generator_cpp: 3.1.5 (/opt/ros/humble/share/rosidl_generator_cpp/cmake)
[1.060s] -- Using all available rosidl_typesupport_c: rosidl_typesupport_fastrtps_c;rosidl_typesupport_introspection_c
[1.128s] -- Using all available rosidl_typesupport_cpp: rosidl_typesupport_fastrtps_cpp;rosidl_typesupport_introspection_cpp
[1.669s] -- Found rclcpp: 16.0.8 (/opt/ros/humble/share/rclcpp/cmake)
[1.879s] -- Found rmw_implementation_cmake: 6.1.1 (/opt/ros/humble/share/rmw_implementation_cmake/cmake)
[1.888s] -- Found rmw_fastrtps_cpp: 6.2.6 (/opt/ros/humble/share/rmw_fastrtps_cpp/cmake)
[2.329s] -- Using RMW implementation 'rmw_fastrtps_cpp' as default
[3.031s] -- Found rclcpp_action: 16.0.8 (/opt/ros/humble/share/rclcpp_action/cmake)
[3.158s] -- Found rclcpp_components: 16.0.8 (/opt/ros/humble/share/rclcpp_components/cmake)
[3.573s] [31mCMake Error at /opt/ros/humble/share/ament_cmake_core/cmake/core/ament_package_xml.cmake:53 (message):
[3.573s]   ament_package_xml() package name 'zpackage_ac_ser' in '/package.xml' does
[3.574s]   not match current PROJECT_NAME '<package_name>'.  You must call project()
[3.574s]   with the same package name before.
[3.576s] Call Stack (most recent call first):
[3.576s]   /opt/ros/humble/share/ament_cmake_core/cmake/core/ament_package.cmake:63 (ament_package_xml)
[3.577s]   CMakeLists.txt:63 (ament_package)
[3.577s] 
[3.578s] [0m
[3.578s] -- Configuring incomplete, errors occurred!
[3.579s] See also "/home/zechariah/ros2_ws/build/zpackage_ac_ser/CMakeFiles/CMakeOutput.log".
[3.605s] Invoked command in '/home/zechariah/ros2_ws/build/zpackage_ac_ser' returned '1': CMAKE_PREFIX_PATH=/opt/ros/humble /usr/bin/cmake /home/zechariah/ros2_ws/src/zpackage_ac_ser -DCMAKE_INSTALL_PREFIX=/home/zechariah/ros2_ws/install/zpackage_ac_ser
