[0.073s] Invoking command in '/home/zechariah/ros2_ws/build/zpackage': CMAKE_PREFIX_PATH=${CMAKE_PREFIX_PATH}:/opt/ros/humble /usr/bin/cmake --build /home/zechariah/ros2_ws/build/zpackage -- -j6 -l6
[0.177s] -- Found ament_cmake: 1.3.8 (/opt/ros/humble/share/ament_cmake/cmake)
[0.554s] -- Override CMake install command with custom implementation using symlinks instead of copying resources
[0.584s] -- Found rclcpp: 16.0.8 (/opt/ros/humble/share/rclcpp/cmake)
[0.668s] -- Found rosidl_generator_c: 3.1.5 (/opt/ros/humble/share/rosidl_generator_c/cmake)
[0.676s] -- Found rosidl_adapter: 3.1.5 (/opt/ros/humble/share/rosidl_adapter/cmake)
[0.694s] -- Found rosidl_generator_cpp: 3.1.5 (/opt/ros/humble/share/rosidl_generator_cpp/cmake)
[0.728s] -- Using all available rosidl_typesupport_c: rosidl_typesupport_fastrtps_c;rosidl_typesupport_introspection_c
[0.782s] -- Using all available rosidl_typesupport_cpp: rosidl_typesupport_fastrtps_cpp;rosidl_typesupport_introspection_cpp
[0.963s] -- Found rmw_implementation_cmake: 6.1.1 (/opt/ros/humble/share/rmw_implementation_cmake/cmake)
[0.967s] -- Found rmw_fastrtps_cpp: 6.2.6 (/opt/ros/humble/share/rmw_fastrtps_cpp/cmake)
[1.316s] -- Using RMW implementation 'rmw_fastrtps_cpp' as default
[2.098s] -- Configuring done
[2.170s] -- Generating done
[2.196s] -- Build files have been written to: /home/zechariah/ros2_ws/build/zpackage
[2.305s] [35m[1mConsolidate compiler generated dependencies of target subscriber_node[0m
[2.306s] [35m[1mConsolidate compiler generated dependencies of target publisher_node[0m
[2.399s] [ 50%] Built target publisher_node
[2.400s] [100%] Built target subscriber_node
[2.441s] Invoked command in '/home/zechariah/ros2_ws/build/zpackage' returned '0': CMAKE_PREFIX_PATH=${CMAKE_PREFIX_PATH}:/opt/ros/humble /usr/bin/cmake --build /home/zechariah/ros2_ws/build/zpackage -- -j6 -l6
[2.666s] Invoking command in '/home/zechariah/ros2_ws/build/zpackage': CMAKE_PREFIX_PATH=${CMAKE_PREFIX_PATH}:/opt/ros/humble /usr/bin/cmake --install /home/zechariah/ros2_ws/build/zpackage
[2.690s] -- Install configuration: ""
[2.692s] -- Execute custom install script
[2.692s] -- Up-to-date symlink: /home/zechariah/ros2_ws/install/zpackage/lib/zpackage/publisher_node
[2.693s] -- Up-to-date symlink: /home/zechariah/ros2_ws/install/zpackage/lib/zpackage/subscriber_node
[2.694s] -- Up-to-date symlink: /home/zechariah/ros2_ws/install/zpackage/share/zpackage/package.xml
[2.694s] -- Up-to-date symlink: /home/zechariah/ros2_ws/install/zpackage/share/ament_index/resource_index/package_run_dependencies/zpackage
[2.695s] -- Up-to-date symlink: /home/zechariah/ros2_ws/install/zpackage/share/ament_index/resource_index/parent_prefix_path/zpackage
[2.696s] -- Up-to-date symlink: /home/zechariah/ros2_ws/install/zpackage/share/zpackage/environment/ament_prefix_path.sh
[2.697s] -- Up-to-date symlink: /home/zechariah/ros2_ws/install/zpackage/share/zpackage/environment/ament_prefix_path.dsv
[2.697s] -- Up-to-date symlink: /home/zechariah/ros2_ws/install/zpackage/share/zpackage/environment/path.sh
[2.698s] -- Up-to-date symlink: /home/zechariah/ros2_ws/install/zpackage/share/zpackage/environment/path.dsv
[2.698s] -- Up-to-date symlink: /home/zechariah/ros2_ws/install/zpackage/share/zpackage/local_setup.bash
[2.699s] -- Up-to-date symlink: /home/zechariah/ros2_ws/install/zpackage/share/zpackage/local_setup.sh
[2.700s] -- Up-to-date symlink: /home/zechariah/ros2_ws/install/zpackage/share/zpackage/local_setup.zsh
[2.701s] -- Up-to-date symlink: /home/zechariah/ros2_ws/install/zpackage/share/zpackage/local_setup.dsv
[2.701s] -- Symlinking: /home/zechariah/ros2_ws/install/zpackage/share/zpackage/package.dsv
[2.735s] -- Up-to-date symlink: /home/zechariah/ros2_ws/install/zpackage/share/ament_index/resource_index/packages/zpackage
[2.735s] -- Up-to-date symlink: /home/zechariah/ros2_ws/install/zpackage/share/zpackage/cmake/zpackageConfig.cmake
[2.739s] -- Up-to-date symlink: /home/zechariah/ros2_ws/install/zpackage/share/zpackage/cmake/zpackageConfig-version.cmake
[2.740s] -- Up-to-date symlink: /home/zechariah/ros2_ws/install/zpackage/share/zpackage/package.xml
[2.743s] Invoked command in '/home/zechariah/ros2_ws/build/zpackage' returned '0': CMAKE_PREFIX_PATH=${CMAKE_PREFIX_PATH}:/opt/ros/humble /usr/bin/cmake --install /home/zechariah/ros2_ws/build/zpackage
