[0.334s] DEBUG:colcon:Command line arguments: ['/usr/bin/colcon', 'build', '--symlink-install']
[0.334s] DEBUG:colcon:Parsed command line arguments: Namespace(log_base=None, log_level=None, verb_name='build', build_base='build', install_base='install', merge_install=False, symlink_install=True, test_result_base=None, continue_on_error=False, executor='parallel', parallel_workers=6, event_handlers=None, ignore_user_meta=False, metas=['./colcon.meta'], base_paths=['.'], packages_ignore=None, packages_ignore_regex=None, paths=None, packages_up_to=None, packages_up_to_regex=None, packages_above=None, packages_above_and_dependencies=None, packages_above_depth=None, packages_select_by_dep=None, packages_skip_by_dep=None, packages_skip_up_to=None, packages_select_build_failed=False, packages_skip_build_finished=False, packages_select_test_failures=False, packages_skip_test_passed=False, packages_select=None, packages_skip=None, packages_select_regex=None, packages_skip_regex=None, packages_start=None, packages_end=None, allow_overriding=[], cmake_args=None, cmake_target=None, cmake_target_skip_unavailable=False, cmake_clean_cache=False, cmake_clean_first=False, cmake_force_configure=False, ament_cmake_args=None, catkin_cmake_args=None, catkin_skip_building_tests=False, verb_parser=<colcon_defaults.argument_parser.defaults.DefaultArgumentsDecorator object at 0x7b1b5be144f0>, verb_extension=<colcon_core.verb.build.BuildVerb object at 0x7b1b5bdd7be0>, main=<bound method BuildVerb.main of <colcon_core.verb.build.BuildVerb object at 0x7b1b5bdd7be0>>)
[0.833s] Level 1:colcon.colcon_core.package_discovery:discover_packages(colcon_meta) check parameters
[0.833s] Level 1:colcon.colcon_core.package_discovery:discover_packages(recursive) check parameters
[0.834s] Level 1:colcon.colcon_core.package_discovery:discover_packages(ignore) check parameters
[0.834s] Level 1:colcon.colcon_core.package_discovery:discover_packages(path) check parameters
[0.834s] Level 1:colcon.colcon_core.package_discovery:discover_packages(colcon_meta) discover
[0.834s] Level 1:colcon.colcon_core.package_discovery:discover_packages(recursive) discover
[0.834s] INFO:colcon.colcon_core.package_discovery:Crawling recursively for packages in '/home/zechariah/ros2_ws'
[0.835s] Level 1:colcon.colcon_core.package_identification:_identify(.) by extensions ['ignore', 'ignore_ament_install']
[0.835s] Level 1:colcon.colcon_core.package_identification:_identify(.) by extension 'ignore'
[0.835s] Level 1:colcon.colcon_core.package_identification:_identify(.) by extension 'ignore_ament_install'
[0.836s] Level 1:colcon.colcon_core.package_identification:_identify(.) by extensions ['colcon_pkg']
[0.836s] Level 1:colcon.colcon_core.package_identification:_identify(.) by extension 'colcon_pkg'
[0.836s] Level 1:colcon.colcon_core.package_identification:_identify(.) by extensions ['colcon_meta']
[0.836s] Level 1:colcon.colcon_core.package_identification:_identify(.) by extension 'colcon_meta'
[0.836s] Level 1:colcon.colcon_core.package_identification:_identify(.) by extensions ['ros']
[0.836s] Level 1:colcon.colcon_core.package_identification:_identify(.) by extension 'ros'
[0.869s] Level 1:colcon.colcon_core.package_identification:_identify(.) by extensions ['cmake', 'python']
[0.869s] Level 1:colcon.colcon_core.package_identification:_identify(.) by extension 'cmake'
[0.869s] Level 1:colcon.colcon_core.package_identification:_identify(.) by extension 'python'
[0.869s] Level 1:colcon.colcon_core.package_identification:_identify(.) by extensions ['python_setup_py']
[0.869s] Level 1:colcon.colcon_core.package_identification:_identify(.) by extension 'python_setup_py'
[0.870s] Level 1:colcon.colcon_core.package_identification:_identify(build) by extensions ['ignore', 'ignore_ament_install']
[0.870s] Level 1:colcon.colcon_core.package_identification:_identify(build) by extension 'ignore'
[0.870s] Level 1:colcon.colcon_core.package_identification:_identify(build) ignored
[0.871s] Level 1:colcon.colcon_core.package_identification:_identify(install) by extensions ['ignore', 'ignore_ament_install']
[0.871s] Level 1:colcon.colcon_core.package_identification:_identify(install) by extension 'ignore'
[0.871s] Level 1:colcon.colcon_core.package_identification:_identify(install) ignored
[0.872s] Level 1:colcon.colcon_core.package_identification:_identify(log) by extensions ['ignore', 'ignore_ament_install']
[0.872s] Level 1:colcon.colcon_core.package_identification:_identify(log) by extension 'ignore'
[0.872s] Level 1:colcon.colcon_core.package_identification:_identify(log) ignored
[0.873s] Level 1:colcon.colcon_core.package_identification:_identify(src) by extensions ['ignore', 'ignore_ament_install']
[0.873s] Level 1:colcon.colcon_core.package_identification:_identify(src) by extension 'ignore'
[0.873s] Level 1:colcon.colcon_core.package_identification:_identify(src) by extension 'ignore_ament_install'
[0.873s] Level 1:colcon.colcon_core.package_identification:_identify(src) by extensions ['colcon_pkg']
[0.873s] Level 1:colcon.colcon_core.package_identification:_identify(src) by extension 'colcon_pkg'
[0.873s] Level 1:colcon.colcon_core.package_identification:_identify(src) by extensions ['colcon_meta']
[0.874s] Level 1:colcon.colcon_core.package_identification:_identify(src) by extension 'colcon_meta'
[0.874s] Level 1:colcon.colcon_core.package_identification:_identify(src) by extensions ['ros']
[0.874s] Level 1:colcon.colcon_core.package_identification:_identify(src) by extension 'ros'
[0.874s] Level 1:colcon.colcon_core.package_identification:_identify(src) by extensions ['cmake', 'python']
[0.875s] Level 1:colcon.colcon_core.package_identification:_identify(src) by extension 'cmake'
[0.875s] Level 1:colcon.colcon_core.package_identification:_identify(src) by extension 'python'
[0.875s] Level 1:colcon.colcon_core.package_identification:_identify(src) by extensions ['python_setup_py']
[0.875s] Level 1:colcon.colcon_core.package_identification:_identify(src) by extension 'python_setup_py'
[0.875s] Level 1:colcon.colcon_core.package_identification:_identify(src/zpackage) by extensions ['ignore', 'ignore_ament_install']
[0.876s] Level 1:colcon.colcon_core.package_identification:_identify(src/zpackage) by extension 'ignore'
[0.876s] Level 1:colcon.colcon_core.package_identification:_identify(src/zpackage) by extension 'ignore_ament_install'
[0.876s] Level 1:colcon.colcon_core.package_identification:_identify(src/zpackage) by extensions ['colcon_pkg']
[0.876s] Level 1:colcon.colcon_core.package_identification:_identify(src/zpackage) by extension 'colcon_pkg'
[0.876s] Level 1:colcon.colcon_core.package_identification:_identify(src/zpackage) by extensions ['colcon_meta']
[0.877s] Level 1:colcon.colcon_core.package_identification:_identify(src/zpackage) by extension 'colcon_meta'
[0.877s] Level 1:colcon.colcon_core.package_identification:_identify(src/zpackage) by extensions ['ros']
[0.877s] Level 1:colcon.colcon_core.package_identification:_identify(src/zpackage) by extension 'ros'
[0.883s] DEBUG:colcon.colcon_core.package_identification:Package 'src/zpackage' with type 'ros.ament_cmake' and name 'zpackage'
[0.884s] Level 1:colcon.colcon_core.package_discovery:discover_packages(recursive) using defaults
[0.884s] Level 1:colcon.colcon_core.package_discovery:discover_packages(ignore) discover
[0.884s] Level 1:colcon.colcon_core.package_discovery:discover_packages(ignore) using defaults
[0.884s] Level 1:colcon.colcon_core.package_discovery:discover_packages(path) discover
[0.884s] Level 1:colcon.colcon_core.package_discovery:discover_packages(path) using defaults
[0.942s] Level 1:colcon.colcon_core.package_discovery:discover_packages(prefix_path) check parameters
[0.942s] Level 1:colcon.colcon_core.package_discovery:discover_packages(prefix_path) discover
[0.948s] DEBUG:colcon.colcon_installed_package_information.package_discovery:Found 1 installed packages in /home/zechariah/ros2_ws/install
[0.955s] DEBUG:colcon.colcon_installed_package_information.package_discovery:Found 270 installed packages in /opt/ros/humble
[0.982s] Level 1:colcon.colcon_core.package_discovery:discover_packages(prefix_path) using defaults
[1.067s] ERROR:colcon.colcon_core.package_augmentation:Exception in package augmentation extension 'python': 
Traceback (most recent call last):
  File "/usr/lib/python3/dist-packages/colcon_core/package_augmentation/__init__.py", line 97, in augment_packages
    retval = extension.augment_packages(
  File "/usr/lib/python3/dist-packages/colcon_installed_package_information/package_augmentation/python.py", line 44, in augment_packages
    dist = next(iter(dists))
StopIteration

[1.084s] Level 5:colcon.colcon_core.verb:set package 'zpackage' build argument 'cmake_args' from command line to 'None'
[1.085s] Level 5:colcon.colcon_core.verb:set package 'zpackage' build argument 'cmake_target' from command line to 'None'
[1.085s] Level 5:colcon.colcon_core.verb:set package 'zpackage' build argument 'cmake_target_skip_unavailable' from command line to 'False'
[1.085s] Level 5:colcon.colcon_core.verb:set package 'zpackage' build argument 'cmake_clean_cache' from command line to 'False'
[1.085s] Level 5:colcon.colcon_core.verb:set package 'zpackage' build argument 'cmake_clean_first' from command line to 'False'
[1.085s] Level 5:colcon.colcon_core.verb:set package 'zpackage' build argument 'cmake_force_configure' from command line to 'False'
[1.085s] Level 5:colcon.colcon_core.verb:set package 'zpackage' build argument 'ament_cmake_args' from command line to 'None'
[1.085s] Level 5:colcon.colcon_core.verb:set package 'zpackage' build argument 'catkin_cmake_args' from command line to 'None'
[1.085s] Level 5:colcon.colcon_core.verb:set package 'zpackage' build argument 'catkin_skip_building_tests' from command line to 'False'
[1.085s] DEBUG:colcon.colcon_core.verb:Building package 'zpackage' with the following arguments: {'ament_cmake_args': None, 'build_base': '/home/zechariah/ros2_ws/build/zpackage', 'catkin_cmake_args': None, 'catkin_skip_building_tests': False, 'cmake_args': None, 'cmake_clean_cache': False, 'cmake_clean_first': False, 'cmake_force_configure': False, 'cmake_target': None, 'cmake_target_skip_unavailable': False, 'install_base': '/home/zechariah/ros2_ws/install/zpackage', 'merge_install': False, 'path': '/home/zechariah/ros2_ws/src/zpackage', 'symlink_install': True, 'test_result_base': None}
[1.086s] INFO:colcon.colcon_core.executor:Executing jobs using 'parallel' executor
[1.089s] DEBUG:colcon.colcon_parallel_executor.executor.parallel:run_until_complete
[1.090s] INFO:colcon.colcon_ros.task.ament_cmake.build:Building ROS package in '/home/zechariah/ros2_ws/src/zpackage' with build type 'ament_cmake'
[1.091s] INFO:colcon.colcon_cmake.task.cmake.build:Building CMake package in '/home/zechariah/ros2_ws/src/zpackage'
[1.098s] INFO:colcon.colcon_core.plugin_system:Skipping extension 'colcon_core.shell.bat': Not used on non-Windows systems
[1.099s] INFO:colcon.colcon_core.shell:Skip shell extension 'powershell' for command environment: Not usable outside of PowerShell
[1.099s] DEBUG:colcon.colcon_core.shell:Skip shell extension 'dsv' for command environment
[1.165s] DEBUG:colcon.colcon_core.event_handler.log_command:Invoking command in '/home/zechariah/ros2_ws/build/zpackage': CMAKE_PREFIX_PATH=${CMAKE_PREFIX_PATH}:/opt/ros/humble /usr/bin/cmake --build /home/zechariah/ros2_ws/build/zpackage -- -j6 -l6
[3.533s] DEBUG:colcon.colcon_core.event_handler.log_command:Invoked command in '/home/zechariah/ros2_ws/build/zpackage' returned '0': CMAKE_PREFIX_PATH=${CMAKE_PREFIX_PATH}:/opt/ros/humble /usr/bin/cmake --build /home/zechariah/ros2_ws/build/zpackage -- -j6 -l6
[3.759s] DEBUG:colcon.colcon_core.event_handler.log_command:Invoking command in '/home/zechariah/ros2_ws/build/zpackage': CMAKE_PREFIX_PATH=${CMAKE_PREFIX_PATH}:/opt/ros/humble /usr/bin/cmake --install /home/zechariah/ros2_ws/build/zpackage
[3.834s] Level 1:colcon.colcon_core.environment:create_environment_scripts_only(zpackage)
[3.836s] DEBUG:colcon.colcon_core.event_handler.log_command:Invoked command in '/home/zechariah/ros2_ws/build/zpackage' returned '0': CMAKE_PREFIX_PATH=${CMAKE_PREFIX_PATH}:/opt/ros/humble /usr/bin/cmake --install /home/zechariah/ros2_ws/build/zpackage
[3.845s] Level 1:colcon.colcon_core.environment:checking '/home/zechariah/ros2_ws/install/zpackage' for CMake module files
[3.847s] Level 1:colcon.colcon_core.environment:checking '/home/zechariah/ros2_ws/install/zpackage' for CMake config files
[3.847s] Level 1:colcon.colcon_core.shell:create_environment_hook('zpackage', 'cmake_prefix_path')
[3.848s] INFO:colcon.colcon_core.shell:Creating environment hook '/home/zechariah/ros2_ws/install/zpackage/share/zpackage/hook/cmake_prefix_path.ps1'
[3.853s] INFO:colcon.colcon_core.shell:Creating environment descriptor '/home/zechariah/ros2_ws/install/zpackage/share/zpackage/hook/cmake_prefix_path.dsv'
[3.855s] INFO:colcon.colcon_core.shell:Creating environment hook '/home/zechariah/ros2_ws/install/zpackage/share/zpackage/hook/cmake_prefix_path.sh'
[3.858s] Level 1:colcon.colcon_core.environment:checking '/home/zechariah/ros2_ws/install/zpackage/lib'
[3.859s] Level 1:colcon.colcon_core.environment:checking '/home/zechariah/ros2_ws/install/zpackage/bin'
[3.859s] Level 1:colcon.colcon_core.environment:checking '/home/zechariah/ros2_ws/install/zpackage/lib/pkgconfig/zpackage.pc'
[3.860s] Level 1:colcon.colcon_core.environment:checking '/home/zechariah/ros2_ws/install/zpackage/lib/python3.10/site-packages'
[3.860s] Level 1:colcon.colcon_core.environment:checking '/home/zechariah/ros2_ws/install/zpackage/bin'
[3.861s] INFO:colcon.colcon_core.shell:Creating package script '/home/zechariah/ros2_ws/install/zpackage/share/zpackage/package.ps1'
[3.867s] INFO:colcon.colcon_core.shell:Creating package descriptor '/home/zechariah/ros2_ws/install/zpackage/share/zpackage/package.dsv'
[3.869s] INFO:colcon.colcon_core.shell:Creating package script '/home/zechariah/ros2_ws/install/zpackage/share/zpackage/package.sh'
[3.872s] INFO:colcon.colcon_core.shell:Creating package script '/home/zechariah/ros2_ws/install/zpackage/share/zpackage/package.bash'
[3.875s] INFO:colcon.colcon_core.shell:Creating package script '/home/zechariah/ros2_ws/install/zpackage/share/zpackage/package.zsh'
[3.878s] Level 1:colcon.colcon_core.environment:create_file_with_runtime_dependencies(/home/zechariah/ros2_ws/install/zpackage/share/colcon-core/packages/zpackage)
[4.060s] Level 1:colcon.colcon_core.environment:create_environment_scripts_only(zpackage)
[4.061s] Level 1:colcon.colcon_core.environment:checking '/home/zechariah/ros2_ws/install/zpackage' for CMake module files
[4.063s] Level 1:colcon.colcon_core.environment:checking '/home/zechariah/ros2_ws/install/zpackage' for CMake config files
[4.064s] Level 1:colcon.colcon_core.shell:create_environment_hook('zpackage', 'cmake_prefix_path')
[4.064s] INFO:colcon.colcon_core.shell:Creating environment hook '/home/zechariah/ros2_ws/install/zpackage/share/zpackage/hook/cmake_prefix_path.ps1'
[4.069s] INFO:colcon.colcon_core.shell:Creating environment descriptor '/home/zechariah/ros2_ws/install/zpackage/share/zpackage/hook/cmake_prefix_path.dsv'
[4.071s] INFO:colcon.colcon_core.shell:Creating environment hook '/home/zechariah/ros2_ws/install/zpackage/share/zpackage/hook/cmake_prefix_path.sh'
[4.074s] Level 1:colcon.colcon_core.environment:checking '/home/zechariah/ros2_ws/install/zpackage/lib'
[4.075s] Level 1:colcon.colcon_core.environment:checking '/home/zechariah/ros2_ws/install/zpackage/bin'
[4.075s] Level 1:colcon.colcon_core.environment:checking '/home/zechariah/ros2_ws/install/zpackage/lib/pkgconfig/zpackage.pc'
[4.075s] Level 1:colcon.colcon_core.environment:checking '/home/zechariah/ros2_ws/install/zpackage/lib/python3.10/site-packages'
[4.076s] Level 1:colcon.colcon_core.environment:checking '/home/zechariah/ros2_ws/install/zpackage/bin'
[4.077s] INFO:colcon.colcon_core.shell:Creating package script '/home/zechariah/ros2_ws/install/zpackage/share/zpackage/package.ps1'
[4.079s] INFO:colcon.colcon_core.shell:Creating package descriptor '/home/zechariah/ros2_ws/install/zpackage/share/zpackage/package.dsv'
[4.082s] INFO:colcon.colcon_core.shell:Creating package script '/home/zechariah/ros2_ws/install/zpackage/share/zpackage/package.sh'
[4.085s] INFO:colcon.colcon_core.shell:Creating package script '/home/zechariah/ros2_ws/install/zpackage/share/zpackage/package.bash'
[4.087s] INFO:colcon.colcon_core.shell:Creating package script '/home/zechariah/ros2_ws/install/zpackage/share/zpackage/package.zsh'
[4.090s] Level 1:colcon.colcon_core.environment:create_file_with_runtime_dependencies(/home/zechariah/ros2_ws/install/zpackage/share/colcon-core/packages/zpackage)
[4.091s] DEBUG:colcon.colcon_parallel_executor.executor.parallel:closing loop
[4.092s] DEBUG:colcon.colcon_parallel_executor.executor.parallel:loop closed
[4.093s] DEBUG:colcon.colcon_parallel_executor.executor.parallel:run_until_complete finished with '0'
[4.093s] DEBUG:colcon.colcon_core.event_reactor:joining thread
[4.113s] INFO:colcon.colcon_core.plugin_system:Skipping extension 'colcon_notification.desktop_notification.terminal_notifier': Not used on non-Darwin systems
[4.114s] INFO:colcon.colcon_core.plugin_system:Skipping extension 'colcon_notification.desktop_notification.win32': Not used on non-Windows systems
[4.114s] INFO:colcon.colcon_notification.desktop_notification:Sending desktop notification using 'notify2'
[4.155s] DEBUG:colcon.colcon_core.event_reactor:joined thread
[4.156s] INFO:colcon.colcon_core.shell:Creating prefix script '/home/zechariah/ros2_ws/install/local_setup.ps1'
[4.161s] INFO:colcon.colcon_core.shell:Creating prefix util module '/home/zechariah/ros2_ws/install/_local_setup_util_ps1.py'
[4.166s] INFO:colcon.colcon_core.shell:Creating prefix chain script '/home/zechariah/ros2_ws/install/setup.ps1'
[4.171s] INFO:colcon.colcon_core.shell:Creating prefix script '/home/zechariah/ros2_ws/install/local_setup.sh'
[4.174s] INFO:colcon.colcon_core.shell:Creating prefix util module '/home/zechariah/ros2_ws/install/_local_setup_util_sh.py'
[4.178s] INFO:colcon.colcon_core.shell:Creating prefix chain script '/home/zechariah/ros2_ws/install/setup.sh'
[4.183s] INFO:colcon.colcon_core.shell:Creating prefix script '/home/zechariah/ros2_ws/install/local_setup.bash'
[4.185s] INFO:colcon.colcon_core.shell:Creating prefix chain script '/home/zechariah/ros2_ws/install/setup.bash'
[4.189s] INFO:colcon.colcon_core.shell:Creating prefix script '/home/zechariah/ros2_ws/install/local_setup.zsh'
[4.192s] INFO:colcon.colcon_core.shell:Creating prefix chain script '/home/zechariah/ros2_ws/install/setup.zsh'
