-- Found ament_cmake: 1.3.8 (/opt/ros/humble/share/ament_cmake/cmake)
-- Found action_tutorials_interfaces: 0.20.3 (/opt/ros/humble/share/action_tutorials_interfaces/cmake)
-- Found rosidl_generator_c: 3.1.5 (/opt/ros/humble/share/rosidl_generator_c/cmake)
-- Found rosidl_adapter: 3.1.5 (/opt/ros/humble/share/rosidl_adapter/cmake)
-- Found rosidl_generator_cpp: 3.1.5 (/opt/ros/humble/share/rosidl_generator_cpp/cmake)
-- Using all available rosidl_typesupport_c: rosidl_typesupport_fastrtps_c;rosidl_typesupport_introspection_c
-- Using all available rosidl_typesupport_cpp: rosidl_typesupport_fastrtps_cpp;rosidl_typesupport_introspection_cpp
-- Found rclcpp: 16.0.8 (/opt/ros/humble/share/rclcpp/cmake)
-- Found rmw_implementation_cmake: 6.1.1 (/opt/ros/humble/share/rmw_implementation_cmake/cmake)
-- Found rmw_fastrtps_cpp: 6.2.6 (/opt/ros/humble/share/rmw_fastrtps_cpp/cmake)
-- Using RMW implementation 'rmw_fastrtps_cpp' as default
-- Found rclcpp_action: 16.0.8 (/opt/ros/humble/share/rclcpp_action/cmake)
-- Found rclcpp_components: 16.0.8 (/opt/ros/humble/share/rclcpp_components/cmake)
-- Configuring done
-- Generating done
-- Build files have been written to: /home/zechariah/ros2_ws/build/zpackage_ac_ser
[ 25%] [32mBuilding CXX object CMakeFiles/Fibonacci_server.dir/src/Fibonacci_server.cpp.o[0m
[ 50%] [32mBuilding CXX object CMakeFiles/fibonacci_client.dir/src/fibonacci_client.cpp.o[0m
[ 75%] [32m[1mLinking CXX executable Fibonacci_server[0m
/usr/bin/ld: /usr/lib/gcc/x86_64-linux-gnu/11/../../../x86_64-linux-gnu/Scrt1.o: in function `_start':
(.text+0x1b): undefined reference to `main'
collect2: error: ld returned 1 exit status
gmake[2]: *** [CMakeFiles/Fibonacci_server.dir/build.make:188: Fibonacci_server] Error 1
gmake[1]: *** [CMakeFiles/Makefile2:165: CMakeFiles/Fibonacci_server.dir/all] Error 2
gmake[1]: *** Waiting for unfinished jobs....
[01m[K/home/zechariah/ros2_ws/src/zpackage_ac_ser/src/fibonacci_client.cpp:[m[K In function ‘[01m[Kint main(int, char**)[m[K’:
[01m[K/home/zechariah/ros2_ws/src/zpackage_ac_ser/src/fibonacci_client.cpp:132:18:[m[K [01;31m[Kerror: [m[Kno matching function for call to ‘[01m[Kspin_some()[m[K’
  132 | [01;31m[Krclcpp::spin_some()[m[K;
      | [01;31m[K~~~~~~~~~~~~~~~~~^~[m[K
In file included from [01m[K/opt/ros/humble/include/rclcpp/rclcpp/rclcpp.hpp:155[m[K,
                 from [01m[K/home/zechariah/ros2_ws/src/zpackage_ac_ser/src/fibonacci_client.cpp:11[m[K:
[01m[K/opt/ros/humble/include/rclcpp/rclcpp/executors.hpp:35:1:[m[K [01;36m[Knote: [m[Kcandidate: ‘[01m[Kvoid rclcpp::spin_some(rclcpp::node_interfaces::NodeBaseInterface::SharedPtr)[m[K’
   35 | [01;36m[Kspin_some[m[K(rclcpp::node_interfaces::NodeBaseInterface::SharedPtr node_ptr);
      | [01;36m[K^~~~~~~~~[m[K
[01m[K/opt/ros/humble/include/rclcpp/rclcpp/executors.hpp:35:1:[m[K [01;36m[Knote: [m[K  candidate expects 1 argument, 0 provided
[01m[K/opt/ros/humble/include/rclcpp/rclcpp/executors.hpp:39:1:[m[K [01;36m[Knote: [m[Kcandidate: ‘[01m[Kvoid rclcpp::spin_some(rclcpp::Node::SharedPtr)[m[K’
   39 | [01;36m[Kspin_some[m[K(rclcpp::Node::SharedPtr node_ptr);
      | [01;36m[K^~~~~~~~~[m[K
[01m[K/opt/ros/humble/include/rclcpp/rclcpp/executors.hpp:39:1:[m[K [01;36m[Knote: [m[K  candidate expects 1 argument, 0 provided
gmake[2]: *** [CMakeFiles/fibonacci_client.dir/build.make:76: CMakeFiles/fibonacci_client.dir/src/fibonacci_client.cpp.o] Error 1
gmake[1]: *** [CMakeFiles/Makefile2:139: CMakeFiles/fibonacci_client.dir/all] Error 2
gmake: *** [Makefile:146: all] Error 2
