[0.077s] Invoking command in '/home/zechariah/ros2_ws/build/zpackage_ac_ser': CMAKE_PREFIX_PATH=/opt/ros/humble /usr/bin/cmake --build /home/zechariah/ros2_ws/build/zpackage_ac_ser -- -j6 -l6
[0.273s] [35m[1mConsolidate compiler generated dependencies of target Fibonacci_server[0m
[0.280s] [35m[1mConsolidate compiler generated dependencies of target fibonacci_client[0m
[0.385s] [ 25%] [32mBuilding CXX object CMakeFiles/Fibonacci_server.dir/src/Fibonacci_server.cpp.o[0m
[0.395s] [ 50%] [32mBuilding CXX object CMakeFiles/fibonacci_client.dir/src/fibonacci_client.cpp.o[0m
[9.638s] [01m[K/home/zechariah/ros2_ws/src/zpackage_ac_ser/src/Fibonacci_server.cpp:[m[K In member function ‘[01m[Kvoid FibonacciServer::execute(std::shared_ptr<rclcpp_action::ServerGoalHandle<action_tutorials_interfaces::action::Fibonacci> >)[m[K’:
[9.639s] [01m[K/home/zechariah/ros2_ws/src/zpackage_ac_ser/src/Fibonacci_server.cpp:70:32:[m[K [01;31m[Kerror: [m[K‘[01m[Kusing element_type = struct action_tutorials_interfaces::action::Fibonacci_Feedback_<std::allocator<void> >[m[K’ {aka ‘[01m[Kstruct action_tutorials_interfaces::action::Fibonacci_Feedback_<std::allocator<void> >[m[K’} has no member named ‘[01m[Ksequence[m[K’
[9.639s]    70 |     auto &sequence = feedback->[01;31m[Ksequence[m[K;
[9.640s]       |                                [01;31m[K^~~~~~~~[m[K
[9.691s] [01m[K/home/zechariah/ros2_ws/src/zpackage_ac_ser/src/fibonacci_client.cpp:[m[K In member function ‘[01m[Kvoid FibonacciClient::feedback_callback(std::shared_ptr<rclcpp_action::ClientGoalHandle<action_tutorials_interfaces::action::Fibonacci> >, std::shared_ptr<const action_tutorials_interfaces::action::Fibonacci_Feedback_<std::allocator<void> > >)[m[K’:
[9.691s] [01m[K/home/zechariah/ros2_ws/src/zpackage_ac_ser/src/fibonacci_client.cpp:83:37:[m[K [01;31m[Kerror: [m[K‘[01m[Kusing element_type = const struct action_tutorials_interfaces::action::Fibonacci_Feedback_<std::allocator<void> >[m[K’ {aka ‘[01m[Kconst struct action_tutorials_interfaces::action::Fibonacci_Feedback_<std::allocator<void> >[m[K’} has no member named ‘[01m[Ksequence[m[K’
[9.692s]    83 |         for(auto number : feedback->[01;31m[Ksequence[m[K)
[9.692s]       |                                     [01;31m[K^~~~~~~~[m[K
[9.706s] [01m[K/home/zechariah/ros2_ws/src/zpackage_ac_ser/src/fibonacci_client.cpp:[m[K In function ‘[01m[Kint main(int, char**)[m[K’:
[9.707s] [01m[K/home/zechariah/ros2_ws/src/zpackage_ac_ser/src/fibonacci_client.cpp:125:26:[m[K [01;31m[Kerror: [m[Kno matching function for call to ‘[01m[Kspin_some()[m[K’
[9.707s]   125 |         [01;31m[Krclcpp::spin_some()[m[K;
[9.708s]       |         [01;31m[K~~~~~~~~~~~~~~~~~^~[m[K
[9.708s] In file included from [01m[K/opt/ros/humble/include/rclcpp/rclcpp/rclcpp.hpp:155[m[K,
[9.709s]                  from [01m[K/home/zechariah/ros2_ws/src/zpackage_ac_ser/src/fibonacci_client.cpp:10[m[K:
[9.709s] [01m[K/opt/ros/humble/include/rclcpp/rclcpp/executors.hpp:35:1:[m[K [01;36m[Knote: [m[Kcandidate: ‘[01m[Kvoid rclcpp::spin_some(rclcpp::node_interfaces::NodeBaseInterface::SharedPtr)[m[K’
[9.710s]    35 | [01;36m[Kspin_some[m[K(rclcpp::node_interfaces::NodeBaseInterface::SharedPtr node_ptr);
[9.711s]       | [01;36m[K^~~~~~~~~[m[K
[9.711s] [01m[K/opt/ros/humble/include/rclcpp/rclcpp/executors.hpp:35:1:[m[K [01;36m[Knote: [m[K  candidate expects 1 argument, 0 provided
[9.712s] [01m[K/opt/ros/humble/include/rclcpp/rclcpp/executors.hpp:39:1:[m[K [01;36m[Knote: [m[Kcandidate: ‘[01m[Kvoid rclcpp::spin_some(rclcpp::Node::SharedPtr)[m[K’
[9.712s]    39 | [01;36m[Kspin_some[m[K(rclcpp::Node::SharedPtr node_ptr);
[9.713s]       | [01;36m[K^~~~~~~~~[m[K
[9.713s] [01m[K/opt/ros/humble/include/rclcpp/rclcpp/executors.hpp:39:1:[m[K [01;36m[Knote: [m[K  candidate expects 1 argument, 0 provided
[11.926s] gmake[2]: *** [CMakeFiles/Fibonacci_server.dir/build.make:76: CMakeFiles/Fibonacci_server.dir/src/Fibonacci_server.cpp.o] Error 1
[11.927s] gmake[1]: *** [CMakeFiles/Makefile2:165: CMakeFiles/Fibonacci_server.dir/all] Error 2
[11.927s] gmake[1]: *** Waiting for unfinished jobs....
[12.058s] gmake[2]: *** [CMakeFiles/fibonacci_client.dir/build.make:76: CMakeFiles/fibonacci_client.dir/src/fibonacci_client.cpp.o] Error 1
[12.058s] gmake[1]: *** [CMakeFiles/Makefile2:139: CMakeFiles/fibonacci_client.dir/all] Error 2
[12.060s] gmake: *** [Makefile:146: all] Error 2
[12.066s] Invoked command in '/home/zechariah/ros2_ws/build/zpackage_ac_ser' returned '2': CMAKE_PREFIX_PATH=/opt/ros/humble /usr/bin/cmake --build /home/zechariah/ros2_ws/build/zpackage_ac_ser -- -j6 -l6
