[0.064s] Invoking command in '/home/zechariah/ros2_ws/build/zpackage_ac_ser': CMAKE_PREFIX_PATH=/opt/ros/humble /usr/bin/cmake --build /home/zechariah/ros2_ws/build/zpackage_ac_ser -- -j6 -l6
[0.217s] [35m[1mConsolidate compiler generated dependencies of target fibonacci_client[0m
[0.219s] [35m[1mConsolidate compiler generated dependencies of target Fibonacci_server[0m
[0.299s] [ 50%] [32mBuilding CXX object CMakeFiles/fibonacci_client.dir/src/fibonacci_client.cpp.o[0m
[0.299s] [ 50%] [32mBuilding CXX object CMakeFiles/Fibonacci_server.dir/src/Fibonacci_server.cpp.o[0m
[8.985s] [01m[K/home/zechariah/ros2_ws/src/zpackage_ac_ser/src/fibonacci_client.cpp:[m[K In member function ‘[01m[Kvoid FibonacciClient::feedback_callback(std::shared_ptr<rclcpp_action::ClientGoalHandle<action_tutorials_interfaces::action::Fibonacci> >, std::shared_ptr<const action_tutorials_interfaces::action::Fibonacci_Feedback_<std::allocator<void> > >)[m[K’:
[8.985s] [01m[K/home/zechariah/ros2_ws/src/zpackage_ac_ser/src/fibonacci_client.cpp:83:37:[m[K [01;31m[Kerror: [m[K‘[01m[Kusing element_type = const struct action_tutorials_interfaces::action::Fibonacci_Feedback_<std::allocator<void> >[m[K’ {aka ‘[01m[Kconst struct action_tutorials_interfaces::action::Fibonacci_Feedback_<std::allocator<void> >[m[K’} has no member named ‘[01m[Ksequence[m[K’
[8.986s]    83 |         for(auto number : feedback->[01;31m[Ksequence[m[K)
[8.986s]       |                                     [01;31m[K^~~~~~~~[m[K
[8.999s] [01m[K/home/zechariah/ros2_ws/src/zpackage_ac_ser/src/fibonacci_client.cpp:[m[K In function ‘[01m[Kint main(int, char**)[m[K’:
[9.000s] [01m[K/home/zechariah/ros2_ws/src/zpackage_ac_ser/src/fibonacci_client.cpp:125:26:[m[K [01;31m[Kerror: [m[Kno matching function for call to ‘[01m[Kspin_some()[m[K’
[9.000s]   125 |         [01;31m[Krclcpp::spin_some()[m[K;
[9.000s]       |         [01;31m[K~~~~~~~~~~~~~~~~~^~[m[K
[9.000s] In file included from [01m[K/opt/ros/humble/include/rclcpp/rclcpp/rclcpp.hpp:155[m[K,
[9.001s]                  from [01m[K/home/zechariah/ros2_ws/src/zpackage_ac_ser/src/fibonacci_client.cpp:10[m[K:
[9.001s] [01m[K/opt/ros/humble/include/rclcpp/rclcpp/executors.hpp:35:1:[m[K [01;36m[Knote: [m[Kcandidate: ‘[01m[Kvoid rclcpp::spin_some(rclcpp::node_interfaces::NodeBaseInterface::SharedPtr)[m[K’
[9.001s]    35 | [01;36m[Kspin_some[m[K(rclcpp::node_interfaces::NodeBaseInterface::SharedPtr node_ptr);
[9.001s]       | [01;36m[K^~~~~~~~~[m[K
[9.002s] [01m[K/opt/ros/humble/include/rclcpp/rclcpp/executors.hpp:35:1:[m[K [01;36m[Knote: [m[K  candidate expects 1 argument, 0 provided
[9.002s] [01m[K/opt/ros/humble/include/rclcpp/rclcpp/executors.hpp:39:1:[m[K [01;36m[Knote: [m[Kcandidate: ‘[01m[Kvoid rclcpp::spin_some(rclcpp::Node::SharedPtr)[m[K’
[9.002s]    39 | [01;36m[Kspin_some[m[K(rclcpp::Node::SharedPtr node_ptr);
[9.003s]       | [01;36m[K^~~~~~~~~[m[K
[9.003s] [01m[K/opt/ros/humble/include/rclcpp/rclcpp/executors.hpp:39:1:[m[K [01;36m[Knote: [m[K  candidate expects 1 argument, 0 provided
[9.011s] [01m[K/home/zechariah/ros2_ws/src/zpackage_ac_ser/src/Fibonacci_server.cpp:[m[K In member function ‘[01m[Kvoid FibonacciServer::handle_accepted(std::shared_ptr<rclcpp_action::ServerGoalHandle<action_tutorials_interfaces::action::Fibonacci> >)[m[K’:
[9.011s] [01m[K/home/zechariah/ros2_ws/src/zpackage_ac_ser/src/Fibonacci_server.cpp:54:60:[m[K [01;31m[Kerror: [m[K‘[01m[K_1[m[K’ was not declared in this scope; did you mean ‘[01m[Kstd::placeholders::_1[m[K’?
[9.012s]    54 |     std::thread{std::bind(&FibonacciServer::execute, this, [01;31m[K_1[m[K), goal_handle}.detach();
[9.012s]       |                                                            [01;31m[K^~[m[K
[9.012s]       |                                                            [32m[Kstd::placeholders::_1[m[K
[9.012s] In file included from [01m[K/usr/include/c++/11/pstl/glue_algorithm_defs.h:13[m[K,
[9.013s]                  from [01m[K/usr/include/c++/11/algorithm:74[m[K,
[9.013s]                  from [01m[K/opt/ros/humble/include/rclcpp/rclcpp/executor.hpp:18[m[K,
[9.013s]                  from [01m[K/opt/ros/humble/include/rclcpp/rclcpp/executors/multi_threaded_executor.hpp:25[m[K,
[9.013s]                  from [01m[K/opt/ros/humble/include/rclcpp/rclcpp/executors.hpp:21[m[K,
[9.014s]                  from [01m[K/opt/ros/humble/include/rclcpp/rclcpp/rclcpp.hpp:155[m[K,
[9.014s]                  from [01m[K/home/zechariah/ros2_ws/src/zpackage_ac_ser/src/Fibonacci_server.cpp:2[m[K:
[9.014s] [01m[K/usr/include/c++/11/functional:225:34:[m[K [01;36m[Knote: [m[K‘[01m[Kstd::placeholders::_1[m[K’ declared here
[9.014s]   225 |     extern const _Placeholder<1> [01;36m[K_1[m[K;
[9.015s]       |                                  [01;36m[K^~[m[K
[9.015s] [01m[K/home/zechariah/ros2_ws/src/zpackage_ac_ser/src/Fibonacci_server.cpp:54:76:[m[K [01;31m[Kerror: [m[Kno matching function for call to ‘[01m[Kstd::thread::thread(<brace-enclosed initializer list>)[m[K’
[9.016s]    54 |     std::thread{std::bind(&FibonacciServer::execute, this, _1), goal_handle[01;31m[K}[m[K.detach();
[9.016s]       |                                                                            [01;31m[K^[m[K
[9.017s] In file included from [01m[K/usr/include/c++/11/future:48[m[K,
[9.018s]                  from [01m[K/opt/ros/humble/include/rclcpp/rclcpp/executors.hpp:18[m[K,
[9.018s]                  from [01m[K/opt/ros/humble/include/rclcpp/rclcpp/rclcpp.hpp:155[m[K,
[9.018s]                  from [01m[K/home/zechariah/ros2_ws/src/zpackage_ac_ser/src/Fibonacci_server.cpp:2[m[K:
[9.019s] [01m[K/usr/include/c++/11/bits/std_thread.h:127:7:[m[K [01;36m[Knote: [m[Kcandidate: ‘[01m[Ktemplate<class _Callable, class ... _Args, class> std::thread::thread(_Callable&&, _Args&& ...)[m[K’
[9.019s]   127 |       [01;36m[Kthread[m[K(_Callable&& __f, _Args&&... __args)
[9.019s]       |       [01;36m[K^~~~~~[m[K
[9.019s] [01m[K/usr/include/c++/11/bits/std_thread.h:127:7:[m[K [01;36m[Knote: [m[K  template argument deduction/substitution failed:
[9.019s] [01m[K/usr/include/c++/11/bits/std_thread.h:157:5:[m[K [01;36m[Knote: [m[Kcandidate: ‘[01m[Kstd::thread::thread(std::thread&&)[m[K’
[9.020s]   157 |     [01;36m[Kthread[m[K(thread&& __t) noexcept
[9.020s]       |     [01;36m[K^~~~~~[m[K
[9.020s] [01m[K/usr/include/c++/11/bits/std_thread.h:157:5:[m[K [01;36m[Knote: [m[K  candidate expects 1 argument, 2 provided
[9.020s] [01m[K/usr/include/c++/11/bits/std_thread.h:121:5:[m[K [01;36m[Knote: [m[Kcandidate: ‘[01m[Kstd::thread::thread()[m[K’
[9.021s]   121 |     [01;36m[Kthread[m[K() noexcept = default;
[9.021s]       |     [01;36m[K^~~~~~[m[K
[9.021s] [01m[K/usr/include/c++/11/bits/std_thread.h:121:5:[m[K [01;36m[Knote: [m[K  candidate expects 0 arguments, 2 provided
[11.761s] gmake[2]: *** [CMakeFiles/Fibonacci_server.dir/build.make:76: CMakeFiles/Fibonacci_server.dir/src/Fibonacci_server.cpp.o] Error 1
[11.762s] gmake[1]: *** [CMakeFiles/Makefile2:165: CMakeFiles/Fibonacci_server.dir/all] Error 2
[11.762s] gmake[1]: *** Waiting for unfinished jobs....
[11.872s] gmake[2]: *** [CMakeFiles/fibonacci_client.dir/build.make:76: CMakeFiles/fibonacci_client.dir/src/fibonacci_client.cpp.o] Error 1
[11.873s] gmake[1]: *** [CMakeFiles/Makefile2:139: CMakeFiles/fibonacci_client.dir/all] Error 2
[11.874s] gmake: *** [Makefile:146: all] Error 2
[11.881s] Invoked command in '/home/zechariah/ros2_ws/build/zpackage_ac_ser' returned '2': CMAKE_PREFIX_PATH=/opt/ros/humble /usr/bin/cmake --build /home/zechariah/ros2_ws/build/zpackage_ac_ser -- -j6 -l6
