[1.805s] DEBUG:colcon:Command line arguments: ['/usr/bin/colcon', 'build', '--packages-select', 'zpackage_ac_ser']
[1.806s] DEBUG:colcon:Parsed command line arguments: Namespace(log_base=None, log_level=None, verb_name='build', build_base='build', install_base='install', merge_install=False, symlink_install=False, test_result_base=None, continue_on_error=False, executor='parallel', parallel_workers=6, event_handlers=None, ignore_user_meta=False, metas=['./colcon.meta'], base_paths=['.'], packages_ignore=None, packages_ignore_regex=None, paths=None, packages_up_to=None, packages_up_to_regex=None, packages_above=None, packages_above_and_dependencies=None, packages_above_depth=None, packages_select_by_dep=None, packages_skip_by_dep=None, packages_skip_up_to=None, packages_select_build_failed=False, packages_skip_build_finished=False, packages_select_test_failures=False, packages_skip_test_passed=False, packages_select=['zpackage_ac_ser'], packages_skip=None, packages_select_regex=None, packages_skip_regex=None, packages_start=None, packages_end=None, allow_overriding=[], cmake_args=None, cmake_target=None, cmake_target_skip_unavailable=False, cmake_clean_cache=False, cmake_clean_first=False, cmake_force_configure=False, ament_cmake_args=None, catkin_cmake_args=None, catkin_skip_building_tests=False, verb_parser=<colcon_defaults.argument_parser.defaults.DefaultArgumentsDecorator object at 0x7c9c011284f0>, verb_extension=<colcon_core.verb.build.BuildVerb object at 0x7c9c010ebbe0>, main=<bound method BuildVerb.main of <colcon_core.verb.build.BuildVerb object at 0x7c9c010ebbe0>>)
[3.271s] Level 1:colcon.colcon_core.package_discovery:discover_packages(colcon_meta) check parameters
[3.272s] Level 1:colcon.colcon_core.package_discovery:discover_packages(recursive) check parameters
[3.272s] Level 1:colcon.colcon_core.package_discovery:discover_packages(ignore) check parameters
[3.272s] Level 1:colcon.colcon_core.package_discovery:discover_packages(path) check parameters
[3.272s] Level 1:colcon.colcon_core.package_discovery:discover_packages(colcon_meta) discover
[3.272s] Level 1:colcon.colcon_core.package_discovery:discover_packages(recursive) discover
[3.272s] INFO:colcon.colcon_core.package_discovery:Crawling recursively for packages in '/home/zechariah/ros2_ws'
[3.273s] Level 1:colcon.colcon_core.package_identification:_identify(.) by extensions ['ignore', 'ignore_ament_install']
[3.273s] Level 1:colcon.colcon_core.package_identification:_identify(.) by extension 'ignore'
[3.274s] Level 1:colcon.colcon_core.package_identification:_identify(.) by extension 'ignore_ament_install'
[3.274s] Level 1:colcon.colcon_core.package_identification:_identify(.) by extensions ['colcon_pkg']
[3.274s] Level 1:colcon.colcon_core.package_identification:_identify(.) by extension 'colcon_pkg'
[3.274s] Level 1:colcon.colcon_core.package_identification:_identify(.) by extensions ['colcon_meta']
[3.274s] Level 1:colcon.colcon_core.package_identification:_identify(.) by extension 'colcon_meta'
[3.274s] Level 1:colcon.colcon_core.package_identification:_identify(.) by extensions ['ros']
[3.275s] Level 1:colcon.colcon_core.package_identification:_identify(.) by extension 'ros'
[3.333s] Level 1:colcon.colcon_core.package_identification:_identify(.) by extensions ['cmake', 'python']
[3.333s] Level 1:colcon.colcon_core.package_identification:_identify(.) by extension 'cmake'
[3.334s] Level 1:colcon.colcon_core.package_identification:_identify(.) by extension 'python'
[3.334s] Level 1:colcon.colcon_core.package_identification:_identify(.) by extensions ['python_setup_py']
[3.335s] Level 1:colcon.colcon_core.package_identification:_identify(.) by extension 'python_setup_py'
[3.335s] Level 1:colcon.colcon_core.package_identification:_identify(build) by extensions ['ignore', 'ignore_ament_install']
[3.336s] Level 1:colcon.colcon_core.package_identification:_identify(build) by extension 'ignore'
[3.337s] Level 1:colcon.colcon_core.package_identification:_identify(build) ignored
[3.337s] Level 1:colcon.colcon_core.package_identification:_identify(install) by extensions ['ignore', 'ignore_ament_install']
[3.338s] Level 1:colcon.colcon_core.package_identification:_identify(install) by extension 'ignore'
[3.338s] Level 1:colcon.colcon_core.package_identification:_identify(install) ignored
[3.340s] Level 1:colcon.colcon_core.package_identification:_identify(log) by extensions ['ignore', 'ignore_ament_install']
[3.340s] Level 1:colcon.colcon_core.package_identification:_identify(log) by extension 'ignore'
[3.341s] Level 1:colcon.colcon_core.package_identification:_identify(log) ignored
[3.341s] Level 1:colcon.colcon_core.package_identification:_identify(src) by extensions ['ignore', 'ignore_ament_install']
[3.342s] Level 1:colcon.colcon_core.package_identification:_identify(src) by extension 'ignore'
[3.342s] Level 1:colcon.colcon_core.package_identification:_identify(src) by extension 'ignore_ament_install'
[3.343s] Level 1:colcon.colcon_core.package_identification:_identify(src) by extensions ['colcon_pkg']
[3.343s] Level 1:colcon.colcon_core.package_identification:_identify(src) by extension 'colcon_pkg'
[3.343s] Level 1:colcon.colcon_core.package_identification:_identify(src) by extensions ['colcon_meta']
[3.344s] Level 1:colcon.colcon_core.package_identification:_identify(src) by extension 'colcon_meta'
[3.344s] Level 1:colcon.colcon_core.package_identification:_identify(src) by extensions ['ros']
[3.344s] Level 1:colcon.colcon_core.package_identification:_identify(src) by extension 'ros'
[3.345s] Level 1:colcon.colcon_core.package_identification:_identify(src) by extensions ['cmake', 'python']
[3.345s] Level 1:colcon.colcon_core.package_identification:_identify(src) by extension 'cmake'
[3.346s] Level 1:colcon.colcon_core.package_identification:_identify(src) by extension 'python'
[3.346s] Level 1:colcon.colcon_core.package_identification:_identify(src) by extensions ['python_setup_py']
[3.346s] Level 1:colcon.colcon_core.package_identification:_identify(src) by extension 'python_setup_py'
[3.347s] Level 1:colcon.colcon_core.package_identification:_identify(src/zpackage) by extensions ['ignore', 'ignore_ament_install']
[3.347s] Level 1:colcon.colcon_core.package_identification:_identify(src/zpackage) by extension 'ignore'
[3.348s] Level 1:colcon.colcon_core.package_identification:_identify(src/zpackage) by extension 'ignore_ament_install'
[3.348s] Level 1:colcon.colcon_core.package_identification:_identify(src/zpackage) by extensions ['colcon_pkg']
[3.349s] Level 1:colcon.colcon_core.package_identification:_identify(src/zpackage) by extension 'colcon_pkg'
[3.349s] Level 1:colcon.colcon_core.package_identification:_identify(src/zpackage) by extensions ['colcon_meta']
[3.350s] Level 1:colcon.colcon_core.package_identification:_identify(src/zpackage) by extension 'colcon_meta'
[3.350s] Level 1:colcon.colcon_core.package_identification:_identify(src/zpackage) by extensions ['ros']
[3.350s] Level 1:colcon.colcon_core.package_identification:_identify(src/zpackage) by extension 'ros'
[3.364s] DEBUG:colcon.colcon_core.package_identification:Package 'src/zpackage' with type 'ros.ament_cmake' and name 'zpackage'
[3.365s] Level 1:colcon.colcon_core.package_identification:_identify(src/zpackage_ac_ser) by extensions ['ignore', 'ignore_ament_install']
[3.366s] Level 1:colcon.colcon_core.package_identification:_identify(src/zpackage_ac_ser) by extension 'ignore'
[3.366s] Level 1:colcon.colcon_core.package_identification:_identify(src/zpackage_ac_ser) by extension 'ignore_ament_install'
[3.367s] Level 1:colcon.colcon_core.package_identification:_identify(src/zpackage_ac_ser) by extensions ['colcon_pkg']
[3.367s] Level 1:colcon.colcon_core.package_identification:_identify(src/zpackage_ac_ser) by extension 'colcon_pkg'
[3.367s] Level 1:colcon.colcon_core.package_identification:_identify(src/zpackage_ac_ser) by extensions ['colcon_meta']
[3.367s] Level 1:colcon.colcon_core.package_identification:_identify(src/zpackage_ac_ser) by extension 'colcon_meta'
[3.368s] Level 1:colcon.colcon_core.package_identification:_identify(src/zpackage_ac_ser) by extensions ['ros']
[3.368s] Level 1:colcon.colcon_core.package_identification:_identify(src/zpackage_ac_ser) by extension 'ros'
[3.372s] DEBUG:colcon.colcon_core.package_identification:Package 'src/zpackage_ac_ser' with type 'ros.ament_cmake' and name 'zpackage_ac_ser'
[3.373s] Level 1:colcon.colcon_core.package_discovery:discover_packages(recursive) using defaults
[3.373s] Level 1:colcon.colcon_core.package_discovery:discover_packages(ignore) discover
[3.373s] Level 1:colcon.colcon_core.package_discovery:discover_packages(ignore) using defaults
[3.373s] Level 1:colcon.colcon_core.package_discovery:discover_packages(path) discover
[3.373s] Level 1:colcon.colcon_core.package_discovery:discover_packages(path) using defaults
[3.520s] INFO:colcon.colcon_core.package_selection:Skipping not selected package 'zpackage' in 'src/zpackage'
[3.522s] Level 1:colcon.colcon_core.package_discovery:discover_packages(prefix_path) check parameters
[3.522s] Level 1:colcon.colcon_core.package_discovery:discover_packages(prefix_path) discover
[3.542s] DEBUG:colcon.colcon_installed_package_information.package_discovery:Found 270 installed packages in /opt/ros/humble
[3.570s] Level 1:colcon.colcon_core.package_discovery:discover_packages(prefix_path) using defaults
[3.742s] Level 5:colcon.colcon_core.verb:set package 'zpackage_ac_ser' build argument 'cmake_args' from command line to 'None'
[3.742s] Level 5:colcon.colcon_core.verb:set package 'zpackage_ac_ser' build argument 'cmake_target' from command line to 'None'
[3.743s] Level 5:colcon.colcon_core.verb:set package 'zpackage_ac_ser' build argument 'cmake_target_skip_unavailable' from command line to 'False'
[3.743s] Level 5:colcon.colcon_core.verb:set package 'zpackage_ac_ser' build argument 'cmake_clean_cache' from command line to 'False'
[3.743s] Level 5:colcon.colcon_core.verb:set package 'zpackage_ac_ser' build argument 'cmake_clean_first' from command line to 'False'
[3.743s] Level 5:colcon.colcon_core.verb:set package 'zpackage_ac_ser' build argument 'cmake_force_configure' from command line to 'False'
[3.743s] Level 5:colcon.colcon_core.verb:set package 'zpackage_ac_ser' build argument 'ament_cmake_args' from command line to 'None'
[3.743s] Level 5:colcon.colcon_core.verb:set package 'zpackage_ac_ser' build argument 'catkin_cmake_args' from command line to 'None'
[3.743s] Level 5:colcon.colcon_core.verb:set package 'zpackage_ac_ser' build argument 'catkin_skip_building_tests' from command line to 'False'
[3.743s] DEBUG:colcon.colcon_core.verb:Building package 'zpackage_ac_ser' with the following arguments: {'ament_cmake_args': None, 'build_base': '/home/zechariah/ros2_ws/build/zpackage_ac_ser', 'catkin_cmake_args': None, 'catkin_skip_building_tests': False, 'cmake_args': None, 'cmake_clean_cache': False, 'cmake_clean_first': False, 'cmake_force_configure': False, 'cmake_target': None, 'cmake_target_skip_unavailable': False, 'install_base': '/home/zechariah/ros2_ws/install/zpackage_ac_ser', 'merge_install': False, 'path': '/home/zechariah/ros2_ws/src/zpackage_ac_ser', 'symlink_install': False, 'test_result_base': None}
[3.744s] INFO:colcon.colcon_core.executor:Executing jobs using 'parallel' executor
[3.747s] DEBUG:colcon.colcon_parallel_executor.executor.parallel:run_until_complete
[3.748s] INFO:colcon.colcon_ros.task.ament_cmake.build:Building ROS package in '/home/zechariah/ros2_ws/src/zpackage_ac_ser' with build type 'ament_cmake'
[3.749s] INFO:colcon.colcon_cmake.task.cmake.build:Building CMake package in '/home/zechariah/ros2_ws/src/zpackage_ac_ser'
[3.792s] INFO:colcon.colcon_core.plugin_system:Skipping extension 'colcon_core.shell.bat': Not used on non-Windows systems
[3.793s] INFO:colcon.colcon_core.shell:Skip shell extension 'powershell' for command environment: Not usable outside of PowerShell
[3.793s] DEBUG:colcon.colcon_core.shell:Skip shell extension 'dsv' for command environment
[3.852s] DEBUG:colcon.colcon_core.event_handler.log_command:Invoking command in '/home/zechariah/ros2_ws/build/zpackage_ac_ser': CMAKE_PREFIX_PATH=/opt/ros/humble /usr/bin/cmake /home/zechariah/ros2_ws/src/zpackage_ac_ser -DCMAKE_INSTALL_PREFIX=/home/zechariah/ros2_ws/install/zpackage_ac_ser
[9.304s] DEBUG:colcon.colcon_core.event_handler.log_command:Invoked command in '/home/zechariah/ros2_ws/build/zpackage_ac_ser' returned '1': CMAKE_PREFIX_PATH=/opt/ros/humble /usr/bin/cmake /home/zechariah/ros2_ws/src/zpackage_ac_ser -DCMAKE_INSTALL_PREFIX=/home/zechariah/ros2_ws/install/zpackage_ac_ser
[9.361s] Level 1:colcon.colcon_core.environment:create_environment_scripts_only(zpackage_ac_ser)
[9.400s] Level 1:colcon.colcon_core.environment:checking '/home/zechariah/ros2_ws/install/zpackage_ac_ser' for CMake module files
[9.402s] Level 1:colcon.colcon_core.environment:checking '/home/zechariah/ros2_ws/install/zpackage_ac_ser' for CMake config files
[9.403s] Level 1:colcon.colcon_core.environment:checking '/home/zechariah/ros2_ws/install/zpackage_ac_ser/bin'
[9.404s] Level 1:colcon.colcon_core.environment:checking '/home/zechariah/ros2_ws/install/zpackage_ac_ser/lib/pkgconfig/zpackage_ac_ser.pc'
[9.405s] Level 1:colcon.colcon_core.environment:checking '/home/zechariah/ros2_ws/install/zpackage_ac_ser/lib/python3.10/site-packages'
[9.406s] Level 1:colcon.colcon_core.environment:checking '/home/zechariah/ros2_ws/install/zpackage_ac_ser/bin'
[9.407s] INFO:colcon.colcon_core.shell:Creating package script '/home/zechariah/ros2_ws/install/zpackage_ac_ser/share/zpackage_ac_ser/package.ps1'
[9.420s] INFO:colcon.colcon_core.shell:Creating package descriptor '/home/zechariah/ros2_ws/install/zpackage_ac_ser/share/zpackage_ac_ser/package.dsv'
[9.424s] INFO:colcon.colcon_core.shell:Creating package script '/home/zechariah/ros2_ws/install/zpackage_ac_ser/share/zpackage_ac_ser/package.sh'
[9.432s] INFO:colcon.colcon_core.shell:Creating package script '/home/zechariah/ros2_ws/install/zpackage_ac_ser/share/zpackage_ac_ser/package.bash'
[9.442s] INFO:colcon.colcon_core.shell:Creating package script '/home/zechariah/ros2_ws/install/zpackage_ac_ser/share/zpackage_ac_ser/package.zsh'
[9.453s] Level 1:colcon.colcon_core.environment:create_file_with_runtime_dependencies(/home/zechariah/ros2_ws/install/zpackage_ac_ser/share/colcon-core/packages/zpackage_ac_ser)
[9.466s] DEBUG:colcon.colcon_parallel_executor.executor.parallel:closing loop
[9.467s] DEBUG:colcon.colcon_parallel_executor.executor.parallel:loop closed
[9.468s] DEBUG:colcon.colcon_parallel_executor.executor.parallel:run_until_complete finished with '1'
[9.469s] DEBUG:colcon.colcon_core.event_reactor:joining thread
[9.514s] INFO:colcon.colcon_core.plugin_system:Skipping extension 'colcon_notification.desktop_notification.terminal_notifier': Not used on non-Darwin systems
[9.514s] INFO:colcon.colcon_core.plugin_system:Skipping extension 'colcon_notification.desktop_notification.win32': Not used on non-Windows systems
[9.514s] INFO:colcon.colcon_notification.desktop_notification:Sending desktop notification using 'notify2'
[9.575s] DEBUG:colcon.colcon_core.event_reactor:joined thread
[9.576s] INFO:colcon.colcon_core.shell:Creating prefix script '/home/zechariah/ros2_ws/install/local_setup.ps1'
[9.582s] INFO:colcon.colcon_core.shell:Creating prefix util module '/home/zechariah/ros2_ws/install/_local_setup_util_ps1.py'
[9.592s] INFO:colcon.colcon_core.shell:Creating prefix chain script '/home/zechariah/ros2_ws/install/setup.ps1'
[9.599s] INFO:colcon.colcon_core.shell:Creating prefix script '/home/zechariah/ros2_ws/install/local_setup.sh'
[9.604s] INFO:colcon.colcon_core.shell:Creating prefix util module '/home/zechariah/ros2_ws/install/_local_setup_util_sh.py'
[9.608s] INFO:colcon.colcon_core.shell:Creating prefix chain script '/home/zechariah/ros2_ws/install/setup.sh'
[9.614s] INFO:colcon.colcon_core.shell:Creating prefix script '/home/zechariah/ros2_ws/install/local_setup.bash'
[9.618s] INFO:colcon.colcon_core.shell:Creating prefix chain script '/home/zechariah/ros2_ws/install/setup.bash'
[9.625s] INFO:colcon.colcon_core.shell:Creating prefix script '/home/zechariah/ros2_ws/install/local_setup.zsh'
[9.630s] INFO:colcon.colcon_core.shell:Creating prefix chain script '/home/zechariah/ros2_ws/install/setup.zsh'
