[0.056s] Invoking command in '/home/zechariah/ros2_ws/build/zpackage_ac_ser': CMAKE_PREFIX_PATH=/opt/ros/humble /usr/bin/cmake /home/zechariah/ros2_ws/src/zpackage_ac_ser -DCMAKE_INSTALL_PREFIX=/home/zechariah/ros2_ws/install/zpackage_ac_ser
[0.107s] -- Found ament_cmake: 1.3.8 (/opt/ros/humble/share/ament_cmake/cmake)
[0.648s] -- Found action_tutorials_interfaces: 0.20.3 (/opt/ros/humble/share/action_tutorials_interfaces/cmake)
[0.716s] -- Found rosidl_generator_c: 3.1.5 (/opt/ros/humble/share/rosidl_generator_c/cmake)
[0.723s] -- Found rosidl_adapter: 3.1.5 (/opt/ros/humble/share/rosidl_adapter/cmake)
[0.738s] -- Found rosidl_generator_cpp: 3.1.5 (/opt/ros/humble/share/rosidl_generator_cpp/cmake)
[0.773s] -- Using all available rosidl_typesupport_c: rosidl_typesupport_fastrtps_c;rosidl_typesupport_introspection_c
[0.813s] -- Using all available rosidl_typesupport_cpp: rosidl_typesupport_fastrtps_cpp;rosidl_typesupport_introspection_cpp
[1.366s] -- Found rclcpp: 16.0.8 (/opt/ros/humble/share/rclcpp/cmake)
[1.571s] -- Found rmw_implementation_cmake: 6.1.1 (/opt/ros/humble/share/rmw_implementation_cmake/cmake)
[1.577s] -- Found rmw_fastrtps_cpp: 6.2.6 (/opt/ros/humble/share/rmw_fastrtps_cpp/cmake)
[2.059s] -- Using RMW implementation 'rmw_fastrtps_cpp' as default
[2.628s] -- Found rclcpp_action: 16.0.8 (/opt/ros/humble/share/rclcpp_action/cmake)
[2.738s] -- Found rclcpp_components: 16.0.8 (/opt/ros/humble/share/rclcpp_components/cmake)
[2.953s] [31mCMake Error at CMakeLists.txt:58 (install):
[2.954s]   install TARGETS given target "fibonacci_server" which does not exist.
[2.955s] 
[2.955s] [0m
[3.214s] -- Configuring incomplete, errors occurred!
[3.214s] See also "/home/zechariah/ros2_ws/build/zpackage_ac_ser/CMakeFiles/CMakeOutput.log".
[3.239s] Invoked command in '/home/zechariah/ros2_ws/build/zpackage_ac_ser' returned '1': CMAKE_PREFIX_PATH=/opt/ros/humble /usr/bin/cmake /home/zechariah/ros2_ws/src/zpackage_ac_ser -DCMAKE_INSTALL_PREFIX=/home/zechariah/ros2_ws/install/zpackage_ac_ser
