[0.092s] Invoking command in '/home/zechariah/ros2_ws/build/zpackage_ac_ser': CMAKE_PREFIX_PATH=/opt/ros/humble /usr/bin/cmake --build /home/zechariah/ros2_ws/build/zpackage_ac_ser -- -j6 -l6
[0.316s] [35m[1mConsolidate compiler generated dependencies of target Fibonacci_server[0m
[0.326s] [35m[1mConsolidate compiler generated dependencies of target fibonacci_client[0m
[0.406s] [ 25%] [32mBuilding CXX object CMakeFiles/Fibonacci_server.dir/src/Fibonacci_server.cpp.o[0m
[0.414s] [ 50%] [32mBuilding CXX object CMakeFiles/fibonacci_client.dir/src/fibonacci_client.cpp.o[0m
[10.363s] [01m[K/home/zechariah/ros2_ws/src/zpackage_ac_ser/src/fibonacci_client.cpp:[m[K In function ‘[01m[Kint main(int, char**)[m[K’:
[10.364s] [01m[K/home/zechariah/ros2_ws/src/zpackage_ac_ser/src/fibonacci_client.cpp:132:18:[m[K [01;31m[Kerror: [m[Kno matching function for call to ‘[01m[Kspin_some()[m[K’
[10.364s]   132 | [01;31m[Krclcpp::spin_some()[m[K;
[10.364s]       | [01;31m[K~~~~~~~~~~~~~~~~~^~[m[K
[10.365s] In file included from [01m[K/opt/ros/humble/include/rclcpp/rclcpp/rclcpp.hpp:155[m[K,
[10.365s]                  from [01m[K/home/zechariah/ros2_ws/src/zpackage_ac_ser/src/fibonacci_client.cpp:11[m[K:
[10.365s] [01m[K/opt/ros/humble/include/rclcpp/rclcpp/executors.hpp:35:1:[m[K [01;36m[Knote: [m[Kcandidate: ‘[01m[Kvoid rclcpp::spin_some(rclcpp::node_interfaces::NodeBaseInterface::SharedPtr)[m[K’
[10.366s]    35 | [01;36m[Kspin_some[m[K(rclcpp::node_interfaces::NodeBaseInterface::SharedPtr node_ptr);
[10.366s]       | [01;36m[K^~~~~~~~~[m[K
[10.366s] [01m[K/opt/ros/humble/include/rclcpp/rclcpp/executors.hpp:35:1:[m[K [01;36m[Knote: [m[K  candidate expects 1 argument, 0 provided
[10.366s] [01m[K/opt/ros/humble/include/rclcpp/rclcpp/executors.hpp:39:1:[m[K [01;36m[Knote: [m[Kcandidate: ‘[01m[Kvoid rclcpp::spin_some(rclcpp::Node::SharedPtr)[m[K’
[10.367s]    39 | [01;36m[Kspin_some[m[K(rclcpp::Node::SharedPtr node_ptr);
[10.367s]       | [01;36m[K^~~~~~~~~[m[K
[10.368s] [01m[K/opt/ros/humble/include/rclcpp/rclcpp/executors.hpp:39:1:[m[K [01;36m[Knote: [m[K  candidate expects 1 argument, 0 provided
[14.742s] gmake[2]: *** [CMakeFiles/fibonacci_client.dir/build.make:76: CMakeFiles/fibonacci_client.dir/src/fibonacci_client.cpp.o] Error 1
[14.743s] gmake[1]: *** [CMakeFiles/Makefile2:139: CMakeFiles/fibonacci_client.dir/all] Error 2
[14.744s] gmake[1]: *** Waiting for unfinished jobs....
[16.428s] [ 75%] [32m[1mLinking CXX executable Fibonacci_server[0m
[17.084s] [ 75%] Built target Fibonacci_server
[17.087s] gmake: *** [Makefile:146: all] Error 2
[17.099s] Invoked command in '/home/zechariah/ros2_ws/build/zpackage_ac_ser' returned '2': CMAKE_PREFIX_PATH=/opt/ros/humble /usr/bin/cmake --build /home/zechariah/ros2_ws/build/zpackage_ac_ser -- -j6 -l6
