[0.051s] Invoking command in '/home/zechariah/ros2_ws/build/zpackage': CMAKE_PREFIX_PATH=/opt/ros/humble /usr/bin/cmake /home/zechariah/ros2_ws/src/zpackage -DCMAKE_INSTALL_PREFIX=/home/zechariah/ros2_ws/install/zpackage
[0.112s] -- Found ament_cmake: 1.3.8 (/opt/ros/humble/share/ament_cmake/cmake)
[0.506s] -- Override CMake install command with custom implementation using symlinks instead of copying resources
[0.552s] -- Found rclcpp: 16.0.8 (/opt/ros/humble/share/rclcpp/cmake)
[0.664s] -- Found rosidl_generator_c: 3.1.5 (/opt/ros/humble/share/rosidl_generator_c/cmake)
[0.673s] -- Found rosidl_adapter: 3.1.5 (/opt/ros/humble/share/rosidl_adapter/cmake)
[0.697s] -- Found rosidl_generator_cpp: 3.1.5 (/opt/ros/humble/share/rosidl_generator_cpp/cmake)
[0.739s] -- Using all available rosidl_typesupport_c: rosidl_typesupport_fastrtps_c;rosidl_typesupport_introspection_c
[0.792s] -- Using all available rosidl_typesupport_cpp: rosidl_typesupport_fastrtps_cpp;rosidl_typesupport_introspection_cpp
[0.982s] -- Found rmw_implementation_cmake: 6.1.1 (/opt/ros/humble/share/rmw_implementation_cmake/cmake)
[0.985s] -- Found rmw_fastrtps_cpp: 6.2.6 (/opt/ros/humble/share/rmw_fastrtps_cpp/cmake)
[1.317s] -- Using RMW implementation 'rmw_fastrtps_cpp' as default
[2.073s] -- Configuring done
[2.241s] -- Generating done
[2.270s] -- Build files have been written to: /home/zechariah/ros2_ws/build/zpackage
[2.295s] Invoked command in '/home/zechariah/ros2_ws/build/zpackage' returned '0': CMAKE_PREFIX_PATH=/opt/ros/humble /usr/bin/cmake /home/zechariah/ros2_ws/src/zpackage -DCMAKE_INSTALL_PREFIX=/home/zechariah/ros2_ws/install/zpackage
[2.301s] Invoking command in '/home/zechariah/ros2_ws/build/zpackage': CMAKE_PREFIX_PATH=/opt/ros/humble /usr/bin/cmake --build /home/zechariah/ros2_ws/build/zpackage -- -j6 -l6
[2.478s] [35m[1mConsolidate compiler generated dependencies of target publisher_node[0m
[2.480s] [35m[1mConsolidate compiler generated dependencies of target subscriber_node[0m
[2.583s] [ 25%] [32mBuilding CXX object CMakeFiles/subscriber_node.dir/src/subscriber.cpp.o[0m
[2.587s] [ 50%] [32mBuilding CXX object CMakeFiles/publisher_node.dir/src/publisher.cpp.o[0m
[18.448s] [ 75%] [32m[1mLinking CXX executable publisher_node[0m
[19.204s] [ 75%] Built target publisher_node
[30.464s] [100%] [32m[1mLinking CXX executable subscriber_node[0m
[31.800s] [100%] Built target subscriber_node
[31.848s] Invoked command in '/home/zechariah/ros2_ws/build/zpackage' returned '0': CMAKE_PREFIX_PATH=/opt/ros/humble /usr/bin/cmake --build /home/zechariah/ros2_ws/build/zpackage -- -j6 -l6
[32.086s] Invoking command in '/home/zechariah/ros2_ws/build/zpackage': CMAKE_PREFIX_PATH=/opt/ros/humble /usr/bin/cmake --install /home/zechariah/ros2_ws/build/zpackage
[32.131s] -- Install configuration: ""
[32.133s] -- Execute custom install script
[32.134s] -- Up-to-date symlink: /home/zechariah/ros2_ws/install/zpackage/lib/zpackage/publisher_node
[32.135s] -- Up-to-date symlink: /home/zechariah/ros2_ws/install/zpackage/lib/zpackage/subscriber_node
[32.137s] -- Up-to-date symlink: /home/zechariah/ros2_ws/install/zpackage/share/zpackage/package.xml
[32.138s] -- Up-to-date symlink: /home/zechariah/ros2_ws/install/zpackage/share/ament_index/resource_index/package_run_dependencies/zpackage
[32.139s] -- Up-to-date symlink: /home/zechariah/ros2_ws/install/zpackage/share/ament_index/resource_index/parent_prefix_path/zpackage
[32.139s] -- Up-to-date symlink: /home/zechariah/ros2_ws/install/zpackage/share/zpackage/environment/ament_prefix_path.sh
[32.140s] -- Up-to-date symlink: /home/zechariah/ros2_ws/install/zpackage/share/zpackage/environment/ament_prefix_path.dsv
[32.141s] -- Up-to-date symlink: /home/zechariah/ros2_ws/install/zpackage/share/zpackage/environment/path.sh
[32.141s] -- Up-to-date symlink: /home/zechariah/ros2_ws/install/zpackage/share/zpackage/environment/path.dsv
[32.142s] -- Up-to-date symlink: /home/zechariah/ros2_ws/install/zpackage/share/zpackage/local_setup.bash
[32.143s] -- Up-to-date symlink: /home/zechariah/ros2_ws/install/zpackage/share/zpackage/local_setup.sh
[32.144s] -- Up-to-date symlink: /home/zechariah/ros2_ws/install/zpackage/share/zpackage/local_setup.zsh
[32.144s] -- Up-to-date symlink: /home/zechariah/ros2_ws/install/zpackage/share/zpackage/local_setup.dsv
[32.144s] -- Symlinking: /home/zechariah/ros2_ws/install/zpackage/share/zpackage/package.dsv
[32.185s] -- Up-to-date symlink: /home/zechariah/ros2_ws/install/zpackage/share/ament_index/resource_index/packages/zpackage
[32.185s] -- Up-to-date symlink: /home/zechariah/ros2_ws/install/zpackage/share/zpackage/cmake/zpackageConfig.cmake
[32.186s] -- Up-to-date symlink: /home/zechariah/ros2_ws/install/zpackage/share/zpackage/cmake/zpackageConfig-version.cmake
[32.187s] -- Up-to-date symlink: /home/zechariah/ros2_ws/install/zpackage/share/zpackage/package.xml
[32.195s] Invoked command in '/home/zechariah/ros2_ws/build/zpackage' returned '0': CMAKE_PREFIX_PATH=/opt/ros/humble /usr/bin/cmake --install /home/zechariah/ros2_ws/build/zpackage
