[1.540s] DEBUG:colcon:Command line arguments: ['/usr/bin/colcon', 'build', '--symlink-install']
[1.541s] DEBUG:colcon:Parsed command line arguments: Namespace(log_base=None, log_level=None, verb_name='build', build_base='build', install_base='install', merge_install=False, symlink_install=True, test_result_base=None, continue_on_error=False, executor='parallel', parallel_workers=6, event_handlers=None, ignore_user_meta=False, metas=['./colcon.meta'], base_paths=['.'], packages_ignore=None, packages_ignore_regex=None, paths=None, packages_up_to=None, packages_up_to_regex=None, packages_above=None, packages_above_and_dependencies=None, packages_above_depth=None, packages_select_by_dep=None, packages_skip_by_dep=None, packages_skip_up_to=None, packages_select_build_failed=False, packages_skip_build_finished=False, packages_select_test_failures=False, packages_skip_test_passed=False, packages_select=None, packages_skip=None, packages_select_regex=None, packages_skip_regex=None, packages_start=None, packages_end=None, allow_overriding=[], cmake_args=None, cmake_target=None, cmake_target_skip_unavailable=False, cmake_clean_cache=False, cmake_clean_first=False, cmake_force_configure=False, ament_cmake_args=None, catkin_cmake_args=None, catkin_skip_building_tests=False, verb_parser=<colcon_defaults.argument_parser.defaults.DefaultArgumentsDecorator object at 0x7ee7a244c4c0>, verb_extension=<colcon_core.verb.build.BuildVerb object at 0x7ee7a24139d0>, main=<bound method BuildVerb.main of <colcon_core.verb.build.BuildVerb object at 0x7ee7a24139d0>>)
[2.882s] Level 1:colcon.colcon_core.package_discovery:discover_packages(colcon_meta) check parameters
[2.882s] Level 1:colcon.colcon_core.package_discovery:discover_packages(recursive) check parameters
[2.882s] Level 1:colcon.colcon_core.package_discovery:discover_packages(ignore) check parameters
[2.882s] Level 1:colcon.colcon_core.package_discovery:discover_packages(path) check parameters
[2.882s] Level 1:colcon.colcon_core.package_discovery:discover_packages(colcon_meta) discover
[2.883s] Level 1:colcon.colcon_core.package_discovery:discover_packages(recursive) discover
[2.883s] INFO:colcon.colcon_core.package_discovery:Crawling recursively for packages in '/home/zechariah/ros2_ws'
[2.883s] Level 1:colcon.colcon_core.package_identification:_identify(.) by extensions ['ignore', 'ignore_ament_install']
[2.884s] Level 1:colcon.colcon_core.package_identification:_identify(.) by extension 'ignore'
[2.884s] Level 1:colcon.colcon_core.package_identification:_identify(.) by extension 'ignore_ament_install'
[2.885s] Level 1:colcon.colcon_core.package_identification:_identify(.) by extensions ['colcon_pkg']
[2.885s] Level 1:colcon.colcon_core.package_identification:_identify(.) by extension 'colcon_pkg'
[2.885s] Level 1:colcon.colcon_core.package_identification:_identify(.) by extensions ['colcon_meta']
[2.885s] Level 1:colcon.colcon_core.package_identification:_identify(.) by extension 'colcon_meta'
[2.886s] Level 1:colcon.colcon_core.package_identification:_identify(.) by extensions ['ros']
[2.886s] Level 1:colcon.colcon_core.package_identification:_identify(.) by extension 'ros'
[2.931s] Level 1:colcon.colcon_core.package_identification:_identify(.) by extensions ['cmake', 'python']
[2.931s] Level 1:colcon.colcon_core.package_identification:_identify(.) by extension 'cmake'
[2.931s] Level 1:colcon.colcon_core.package_identification:_identify(.) by extension 'python'
[2.932s] Level 1:colcon.colcon_core.package_identification:_identify(.) by extensions ['python_setup_py']
[2.932s] Level 1:colcon.colcon_core.package_identification:_identify(.) by extension 'python_setup_py'
[2.932s] Level 1:colcon.colcon_core.package_identification:_identify(build) by extensions ['ignore', 'ignore_ament_install']
[2.933s] Level 1:colcon.colcon_core.package_identification:_identify(build) by extension 'ignore'
[2.933s] Level 1:colcon.colcon_core.package_identification:_identify(build) ignored
[2.934s] Level 1:colcon.colcon_core.package_identification:_identify(install) by extensions ['ignore', 'ignore_ament_install']
[2.934s] Level 1:colcon.colcon_core.package_identification:_identify(install) by extension 'ignore'
[2.934s] Level 1:colcon.colcon_core.package_identification:_identify(install) ignored
[2.935s] Level 1:colcon.colcon_core.package_identification:_identify(log) by extensions ['ignore', 'ignore_ament_install']
[2.935s] Level 1:colcon.colcon_core.package_identification:_identify(log) by extension 'ignore'
[2.935s] Level 1:colcon.colcon_core.package_identification:_identify(log) ignored
[2.935s] Level 1:colcon.colcon_core.package_identification:_identify(src) by extensions ['ignore', 'ignore_ament_install']
[2.936s] Level 1:colcon.colcon_core.package_identification:_identify(src) by extension 'ignore'
[2.936s] Level 1:colcon.colcon_core.package_identification:_identify(src) by extension 'ignore_ament_install'
[2.936s] Level 1:colcon.colcon_core.package_identification:_identify(src) by extensions ['colcon_pkg']
[2.936s] Level 1:colcon.colcon_core.package_identification:_identify(src) by extension 'colcon_pkg'
[2.937s] Level 1:colcon.colcon_core.package_identification:_identify(src) by extensions ['colcon_meta']
[2.937s] Level 1:colcon.colcon_core.package_identification:_identify(src) by extension 'colcon_meta'
[2.937s] Level 1:colcon.colcon_core.package_identification:_identify(src) by extensions ['ros']
[2.937s] Level 1:colcon.colcon_core.package_identification:_identify(src) by extension 'ros'
[2.937s] Level 1:colcon.colcon_core.package_identification:_identify(src) by extensions ['cmake', 'python']
[2.938s] Level 1:colcon.colcon_core.package_identification:_identify(src) by extension 'cmake'
[2.938s] Level 1:colcon.colcon_core.package_identification:_identify(src) by extension 'python'
[2.938s] Level 1:colcon.colcon_core.package_identification:_identify(src) by extensions ['python_setup_py']
[2.938s] Level 1:colcon.colcon_core.package_identification:_identify(src) by extension 'python_setup_py'
[2.938s] Level 1:colcon.colcon_core.package_identification:_identify(src/zpackage) by extensions ['ignore', 'ignore_ament_install']
[2.939s] Level 1:colcon.colcon_core.package_identification:_identify(src/zpackage) by extension 'ignore'
[2.939s] Level 1:colcon.colcon_core.package_identification:_identify(src/zpackage) by extension 'ignore_ament_install'
[2.939s] Level 1:colcon.colcon_core.package_identification:_identify(src/zpackage) by extensions ['colcon_pkg']
[2.939s] Level 1:colcon.colcon_core.package_identification:_identify(src/zpackage) by extension 'colcon_pkg'
[2.939s] Level 1:colcon.colcon_core.package_identification:_identify(src/zpackage) by extensions ['colcon_meta']
[2.940s] Level 1:colcon.colcon_core.package_identification:_identify(src/zpackage) by extension 'colcon_meta'
[2.940s] Level 1:colcon.colcon_core.package_identification:_identify(src/zpackage) by extensions ['ros']
[2.940s] Level 1:colcon.colcon_core.package_identification:_identify(src/zpackage) by extension 'ros'
[2.952s] DEBUG:colcon.colcon_core.package_identification:Package 'src/zpackage' with type 'ros.ament_cmake' and name 'zpackage'
[2.953s] Level 1:colcon.colcon_core.package_discovery:discover_packages(recursive) using defaults
[2.953s] Level 1:colcon.colcon_core.package_discovery:discover_packages(ignore) discover
[2.953s] Level 1:colcon.colcon_core.package_discovery:discover_packages(ignore) using defaults
[2.953s] Level 1:colcon.colcon_core.package_discovery:discover_packages(path) discover
[2.953s] Level 1:colcon.colcon_core.package_discovery:discover_packages(path) using defaults
[3.080s] Level 1:colcon.colcon_core.package_discovery:discover_packages(prefix_path) check parameters
[3.081s] Level 1:colcon.colcon_core.package_discovery:discover_packages(prefix_path) discover
[3.107s] DEBUG:colcon.colcon_installed_package_information.package_discovery:Found 270 installed packages in /opt/ros/humble
[3.131s] Level 1:colcon.colcon_core.package_discovery:discover_packages(prefix_path) using defaults
[3.201s] ERROR:colcon.colcon_core.package_augmentation:Exception in package augmentation extension 'python': 
Traceback (most recent call last):
  File "/usr/lib/python3/dist-packages/colcon_core/package_augmentation/__init__.py", line 97, in augment_packages
    retval = extension.augment_packages(
  File "/usr/lib/python3/dist-packages/colcon_installed_package_information/package_augmentation/python.py", line 44, in augment_packages
    dist = next(iter(dists))
StopIteration

[3.216s] Level 5:colcon.colcon_core.verb:set package 'zpackage' build argument 'cmake_args' from command line to 'None'
[3.216s] Level 5:colcon.colcon_core.verb:set package 'zpackage' build argument 'cmake_target' from command line to 'None'
[3.217s] Level 5:colcon.colcon_core.verb:set package 'zpackage' build argument 'cmake_target_skip_unavailable' from command line to 'False'
[3.217s] Level 5:colcon.colcon_core.verb:set package 'zpackage' build argument 'cmake_clean_cache' from command line to 'False'
[3.217s] Level 5:colcon.colcon_core.verb:set package 'zpackage' build argument 'cmake_clean_first' from command line to 'False'
[3.217s] Level 5:colcon.colcon_core.verb:set package 'zpackage' build argument 'cmake_force_configure' from command line to 'False'
[3.217s] Level 5:colcon.colcon_core.verb:set package 'zpackage' build argument 'ament_cmake_args' from command line to 'None'
[3.217s] Level 5:colcon.colcon_core.verb:set package 'zpackage' build argument 'catkin_cmake_args' from command line to 'None'
[3.217s] Level 5:colcon.colcon_core.verb:set package 'zpackage' build argument 'catkin_skip_building_tests' from command line to 'False'
[3.218s] DEBUG:colcon.colcon_core.verb:Building package 'zpackage' with the following arguments: {'ament_cmake_args': None, 'build_base': '/home/zechariah/ros2_ws/build/zpackage', 'catkin_cmake_args': None, 'catkin_skip_building_tests': False, 'cmake_args': None, 'cmake_clean_cache': False, 'cmake_clean_first': False, 'cmake_force_configure': False, 'cmake_target': None, 'cmake_target_skip_unavailable': False, 'install_base': '/home/zechariah/ros2_ws/install/zpackage', 'merge_install': False, 'path': '/home/zechariah/ros2_ws/src/zpackage', 'symlink_install': True, 'test_result_base': None}
[3.218s] INFO:colcon.colcon_core.executor:Executing jobs using 'parallel' executor
[3.222s] DEBUG:colcon.colcon_parallel_executor.executor.parallel:run_until_complete
[3.224s] INFO:colcon.colcon_ros.task.ament_cmake.build:Building ROS package in '/home/zechariah/ros2_ws/src/zpackage' with build type 'ament_cmake'
[3.225s] INFO:colcon.colcon_cmake.task.cmake.build:Building CMake package in '/home/zechariah/ros2_ws/src/zpackage'
[3.263s] INFO:colcon.colcon_core.plugin_system:Skipping extension 'colcon_core.shell.bat': Not used on non-Windows systems
[3.264s] INFO:colcon.colcon_core.shell:Skip shell extension 'powershell' for command environment: Not usable outside of PowerShell
[3.264s] DEBUG:colcon.colcon_core.shell:Skip shell extension 'dsv' for command environment
[3.317s] DEBUG:colcon.colcon_core.event_handler.log_command:Invoking command in '/home/zechariah/ros2_ws/build/zpackage': CMAKE_PREFIX_PATH=/opt/ros/humble /usr/bin/cmake --build /home/zechariah/ros2_ws/build/zpackage -- -j6 -l6
[7.075s] DEBUG:colcon.colcon_core.event_handler.log_command:Invoked command in '/home/zechariah/ros2_ws/build/zpackage' returned '0': CMAKE_PREFIX_PATH=/opt/ros/humble /usr/bin/cmake --build /home/zechariah/ros2_ws/build/zpackage -- -j6 -l6
[7.259s] DEBUG:colcon.colcon_core.event_handler.log_command:Invoking command in '/home/zechariah/ros2_ws/build/zpackage': CMAKE_PREFIX_PATH=/opt/ros/humble /usr/bin/cmake --install /home/zechariah/ros2_ws/build/zpackage
[7.332s] Level 1:colcon.colcon_core.environment:create_environment_scripts_only(zpackage)
[7.334s] DEBUG:colcon.colcon_core.event_handler.log_command:Invoked command in '/home/zechariah/ros2_ws/build/zpackage' returned '0': CMAKE_PREFIX_PATH=/opt/ros/humble /usr/bin/cmake --install /home/zechariah/ros2_ws/build/zpackage
[7.373s] Level 1:colcon.colcon_core.environment:checking '/home/zechariah/ros2_ws/install/zpackage' for CMake module files
[7.376s] Level 1:colcon.colcon_core.environment:checking '/home/zechariah/ros2_ws/install/zpackage' for CMake config files
[7.376s] Level 1:colcon.colcon_core.shell:create_environment_hook('zpackage', 'cmake_prefix_path')
[7.377s] INFO:colcon.colcon_core.shell:Creating environment hook '/home/zechariah/ros2_ws/install/zpackage/share/zpackage/hook/cmake_prefix_path.ps1'
[7.384s] INFO:colcon.colcon_core.shell:Creating environment descriptor '/home/zechariah/ros2_ws/install/zpackage/share/zpackage/hook/cmake_prefix_path.dsv'
[7.390s] INFO:colcon.colcon_core.shell:Creating environment hook '/home/zechariah/ros2_ws/install/zpackage/share/zpackage/hook/cmake_prefix_path.sh'
[7.396s] Level 1:colcon.colcon_core.environment:checking '/home/zechariah/ros2_ws/install/zpackage/lib'
[7.397s] Level 1:colcon.colcon_core.environment:checking '/home/zechariah/ros2_ws/install/zpackage/bin'
[7.397s] Level 1:colcon.colcon_core.environment:checking '/home/zechariah/ros2_ws/install/zpackage/lib/pkgconfig/zpackage.pc'
[7.398s] Level 1:colcon.colcon_core.environment:checking '/home/zechariah/ros2_ws/install/zpackage/lib/python3.10/site-packages'
[7.399s] Level 1:colcon.colcon_core.environment:checking '/home/zechariah/ros2_ws/install/zpackage/bin'
[7.400s] INFO:colcon.colcon_core.shell:Creating package script '/home/zechariah/ros2_ws/install/zpackage/share/zpackage/package.ps1'
[7.406s] INFO:colcon.colcon_core.shell:Creating package descriptor '/home/zechariah/ros2_ws/install/zpackage/share/zpackage/package.dsv'
[7.411s] INFO:colcon.colcon_core.shell:Creating package script '/home/zechariah/ros2_ws/install/zpackage/share/zpackage/package.sh'
[7.417s] INFO:colcon.colcon_core.shell:Creating package script '/home/zechariah/ros2_ws/install/zpackage/share/zpackage/package.bash'
[7.424s] INFO:colcon.colcon_core.shell:Creating package script '/home/zechariah/ros2_ws/install/zpackage/share/zpackage/package.zsh'
[7.432s] Level 1:colcon.colcon_core.environment:create_file_with_runtime_dependencies(/home/zechariah/ros2_ws/install/zpackage/share/colcon-core/packages/zpackage)
[7.625s] Level 1:colcon.colcon_core.environment:create_environment_scripts_only(zpackage)
[7.626s] Level 1:colcon.colcon_core.environment:checking '/home/zechariah/ros2_ws/install/zpackage' for CMake module files
[7.629s] Level 1:colcon.colcon_core.environment:checking '/home/zechariah/ros2_ws/install/zpackage' for CMake config files
[7.630s] Level 1:colcon.colcon_core.shell:create_environment_hook('zpackage', 'cmake_prefix_path')
[7.631s] INFO:colcon.colcon_core.shell:Creating environment hook '/home/zechariah/ros2_ws/install/zpackage/share/zpackage/hook/cmake_prefix_path.ps1'
[7.636s] INFO:colcon.colcon_core.shell:Creating environment descriptor '/home/zechariah/ros2_ws/install/zpackage/share/zpackage/hook/cmake_prefix_path.dsv'
[7.640s] INFO:colcon.colcon_core.shell:Creating environment hook '/home/zechariah/ros2_ws/install/zpackage/share/zpackage/hook/cmake_prefix_path.sh'
[7.643s] Level 1:colcon.colcon_core.environment:checking '/home/zechariah/ros2_ws/install/zpackage/lib'
[7.644s] Level 1:colcon.colcon_core.environment:checking '/home/zechariah/ros2_ws/install/zpackage/bin'
[7.644s] Level 1:colcon.colcon_core.environment:checking '/home/zechariah/ros2_ws/install/zpackage/lib/pkgconfig/zpackage.pc'
[7.645s] Level 1:colcon.colcon_core.environment:checking '/home/zechariah/ros2_ws/install/zpackage/lib/python3.10/site-packages'
[7.646s] Level 1:colcon.colcon_core.environment:checking '/home/zechariah/ros2_ws/install/zpackage/bin'
[7.647s] INFO:colcon.colcon_core.shell:Creating package script '/home/zechariah/ros2_ws/install/zpackage/share/zpackage/package.ps1'
[7.650s] INFO:colcon.colcon_core.shell:Creating package descriptor '/home/zechariah/ros2_ws/install/zpackage/share/zpackage/package.dsv'
[7.654s] INFO:colcon.colcon_core.shell:Creating package script '/home/zechariah/ros2_ws/install/zpackage/share/zpackage/package.sh'
[7.657s] INFO:colcon.colcon_core.shell:Creating package script '/home/zechariah/ros2_ws/install/zpackage/share/zpackage/package.bash'
[7.661s] INFO:colcon.colcon_core.shell:Creating package script '/home/zechariah/ros2_ws/install/zpackage/share/zpackage/package.zsh'
[7.664s] Level 1:colcon.colcon_core.environment:create_file_with_runtime_dependencies(/home/zechariah/ros2_ws/install/zpackage/share/colcon-core/packages/zpackage)
[7.666s] DEBUG:colcon.colcon_parallel_executor.executor.parallel:closing loop
[7.668s] DEBUG:colcon.colcon_parallel_executor.executor.parallel:loop closed
[7.668s] DEBUG:colcon.colcon_parallel_executor.executor.parallel:run_until_complete finished with '0'
[7.669s] DEBUG:colcon.colcon_core.event_reactor:joining thread
[7.712s] INFO:colcon.colcon_core.plugin_system:Skipping extension 'colcon_notification.desktop_notification.terminal_notifier': Not used on non-Darwin systems
[7.713s] INFO:colcon.colcon_core.plugin_system:Skipping extension 'colcon_notification.desktop_notification.win32': Not used on non-Windows systems
[7.713s] INFO:colcon.colcon_notification.desktop_notification:Sending desktop notification using 'notify2'
[7.805s] DEBUG:colcon.colcon_core.event_reactor:joined thread
[7.806s] INFO:colcon.colcon_core.shell:Creating prefix script '/home/zechariah/ros2_ws/install/local_setup.ps1'
[7.811s] INFO:colcon.colcon_core.shell:Creating prefix util module '/home/zechariah/ros2_ws/install/_local_setup_util_ps1.py'
[7.817s] INFO:colcon.colcon_core.shell:Creating prefix chain script '/home/zechariah/ros2_ws/install/setup.ps1'
[7.823s] INFO:colcon.colcon_core.shell:Creating prefix script '/home/zechariah/ros2_ws/install/local_setup.sh'
[7.828s] INFO:colcon.colcon_core.shell:Creating prefix util module '/home/zechariah/ros2_ws/install/_local_setup_util_sh.py'
[7.831s] INFO:colcon.colcon_core.shell:Creating prefix chain script '/home/zechariah/ros2_ws/install/setup.sh'
[7.837s] INFO:colcon.colcon_core.shell:Creating prefix script '/home/zechariah/ros2_ws/install/local_setup.bash'
[7.845s] INFO:colcon.colcon_core.shell:Creating prefix chain script '/home/zechariah/ros2_ws/install/setup.bash'
[7.852s] INFO:colcon.colcon_core.shell:Creating prefix script '/home/zechariah/ros2_ws/install/local_setup.zsh'
[7.857s] INFO:colcon.colcon_core.shell:Creating prefix chain script '/home/zechariah/ros2_ws/install/setup.zsh'
