[0.091s] Invoking command in '/home/zechariah/ros2_ws/build/zpackage': CMAKE_PREFIX_PATH=/opt/ros/humble /usr/bin/cmake --build /home/zechariah/ros2_ws/build/zpackage -- -j6 -l6
[0.465s] -- Found ament_cmake: 1.3.8 (/opt/ros/humble/share/ament_cmake/cmake)
[0.949s] -- Override CMake install command with custom implementation using symlinks instead of copying resources
[1.077s] -- Found rclcpp: 16.0.8 (/opt/ros/humble/share/rclcpp/cmake)
[1.298s] -- Found rosidl_generator_c: 3.1.5 (/opt/ros/humble/share/rosidl_generator_c/cmake)
[1.320s] -- Found rosidl_adapter: 3.1.5 (/opt/ros/humble/share/rosidl_adapter/cmake)
[1.383s] -- Found rosidl_generator_cpp: 3.1.5 (/opt/ros/humble/share/rosidl_generator_cpp/cmake)
[1.472s] -- Using all available rosidl_typesupport_c: rosidl_typesupport_fastrtps_c;rosidl_typesupport_introspection_c
[1.551s] -- Using all available rosidl_typesupport_cpp: rosidl_typesupport_fastrtps_cpp;rosidl_typesupport_introspection_cpp
[1.850s] -- Found rmw_implementation_cmake: 6.1.1 (/opt/ros/humble/share/rmw_implementation_cmake/cmake)
[1.865s] -- Found rmw_fastrtps_cpp: 6.2.6 (/opt/ros/humble/share/rmw_fastrtps_cpp/cmake)
[2.345s] -- Using RMW implementation 'rmw_fastrtps_cpp' as default
[3.350s] -- Configuring done
[3.448s] -- Generating done
[3.466s] -- Build files have been written to: /home/zechariah/ros2_ws/build/zpackage
[3.568s] [35m[1mConsolidate compiler generated dependencies of target publisher_node[0m
[3.570s] [35m[1mConsolidate compiler generated dependencies of target subscriber_node[0m
[3.807s] [ 50%] Built target publisher_node
[3.809s] [100%] Built target subscriber_node
[3.849s] Invoked command in '/home/zechariah/ros2_ws/build/zpackage' returned '0': CMAKE_PREFIX_PATH=/opt/ros/humble /usr/bin/cmake --build /home/zechariah/ros2_ws/build/zpackage -- -j6 -l6
[4.033s] Invoking command in '/home/zechariah/ros2_ws/build/zpackage': CMAKE_PREFIX_PATH=/opt/ros/humble /usr/bin/cmake --install /home/zechariah/ros2_ws/build/zpackage
[4.059s] -- Install configuration: ""
[4.061s] -- Execute custom install script
[4.062s] -- Up-to-date symlink: /home/zechariah/ros2_ws/install/zpackage/lib/zpackage/publisher_node
[4.063s] -- Up-to-date symlink: /home/zechariah/ros2_ws/install/zpackage/lib/zpackage/subscriber_node
[4.064s] -- Up-to-date symlink: /home/zechariah/ros2_ws/install/zpackage/share/zpackage/package.xml
[4.064s] -- Up-to-date symlink: /home/zechariah/ros2_ws/install/zpackage/share/ament_index/resource_index/package_run_dependencies/zpackage
[4.065s] -- Up-to-date symlink: /home/zechariah/ros2_ws/install/zpackage/share/ament_index/resource_index/parent_prefix_path/zpackage
[4.066s] -- Up-to-date symlink: /home/zechariah/ros2_ws/install/zpackage/share/zpackage/environment/ament_prefix_path.sh
[4.067s] -- Up-to-date symlink: /home/zechariah/ros2_ws/install/zpackage/share/zpackage/environment/ament_prefix_path.dsv
[4.068s] -- Up-to-date symlink: /home/zechariah/ros2_ws/install/zpackage/share/zpackage/environment/path.sh
[4.068s] -- Up-to-date symlink: /home/zechariah/ros2_ws/install/zpackage/share/zpackage/environment/path.dsv
[4.069s] -- Up-to-date symlink: /home/zechariah/ros2_ws/install/zpackage/share/zpackage/local_setup.bash
[4.069s] -- Up-to-date symlink: /home/zechariah/ros2_ws/install/zpackage/share/zpackage/local_setup.sh
[4.070s] -- Up-to-date symlink: /home/zechariah/ros2_ws/install/zpackage/share/zpackage/local_setup.zsh
[4.071s] -- Up-to-date symlink: /home/zechariah/ros2_ws/install/zpackage/share/zpackage/local_setup.dsv
[4.071s] -- Symlinking: /home/zechariah/ros2_ws/install/zpackage/share/zpackage/package.dsv
[4.101s] -- Up-to-date symlink: /home/zechariah/ros2_ws/install/zpackage/share/ament_index/resource_index/packages/zpackage
[4.102s] -- Up-to-date symlink: /home/zechariah/ros2_ws/install/zpackage/share/zpackage/cmake/zpackageConfig.cmake
[4.102s] -- Up-to-date symlink: /home/zechariah/ros2_ws/install/zpackage/share/zpackage/cmake/zpackageConfig-version.cmake
[4.103s] -- Up-to-date symlink: /home/zechariah/ros2_ws/install/zpackage/share/zpackage/package.xml
[4.108s] Invoked command in '/home/zechariah/ros2_ws/build/zpackage' returned '0': CMAKE_PREFIX_PATH=/opt/ros/humble /usr/bin/cmake --install /home/zechariah/ros2_ws/build/zpackage
